<?xml version="1.0" encoding="UTF-8"?>
<coverage generated="1763122690290" clover="3.2.0">
  <project timestamp="1763122690290" name="All files">
    <metrics statements="529" coveredstatements="482" conditionals="324" coveredconditionals="257" methods="91" coveredmethods="85" elements="944" coveredelements="824" complexity="0" loc="529" ncloc="529" packages="13" files="17" classes="17"/>
    <package name="src">
      <metrics statements="20" coveredstatements="18" conditionals="8" coveredconditionals="5" methods="6" coveredmethods="6"/>
      <file name="server.ts" path="/home/runner/work/Image-Watcher/Image-Watcher/src/server.ts">
        <metrics statements="20" coveredstatements="18" conditionals="8" coveredconditionals="5" methods="6" coveredmethods="6"/>
        <line num="10" count="1" type="stmt"/>
        <line num="13" count="1" type="stmt"/>
        <line num="16" count="1" type="cond" truecount="2" falsecount="0"/>
        <line num="19" count="1" type="cond" truecount="2" falsecount="0"/>
        <line num="26" count="1" type="stmt"/>
        <line num="29" count="1" type="stmt"/>
        <line num="32" count="1" type="cond" truecount="1" falsecount="1"/>
        <line num="34" count="0" type="stmt"/>
        <line num="37" count="1" type="stmt"/>
        <line num="40" count="1" type="stmt"/>
        <line num="43" count="1" type="stmt"/>
        <line num="46" count="1" type="stmt"/>
        <line num="49" count="1" type="stmt"/>
        <line num="52" count="1" type="stmt"/>
        <line num="59" count="1" type="stmt"/>
        <line num="66" count="1" type="stmt"/>
        <line num="68" count="1" type="stmt"/>
        <line num="71" count="1" type="stmt"/>
        <line num="74" count="1" type="stmt"/>
        <line num="77" count="0" type="cond" truecount="0" falsecount="2"/>
      </file>
    </package>
    <package name="src.api">
      <metrics statements="32" coveredstatements="6" conditionals="20" coveredconditionals="0" methods="1" coveredmethods="0"/>
      <file name="image-watcher.api.ts" path="/home/runner/work/Image-Watcher/Image-Watcher/src/api/image-watcher.api.ts">
        <metrics statements="30" coveredstatements="4" conditionals="20" coveredconditionals="0" methods="1" coveredmethods="0"/>
        <line num="7" count="1" type="stmt"/>
        <line num="10" count="1" type="stmt"/>
        <line num="13" count="1" type="stmt"/>
        <line num="18" count="1" type="stmt"/>
        <line num="19" count="0" type="stmt"/>
        <line num="21" count="0" type="stmt"/>
        <line num="24" count="0" type="stmt"/>
        <line num="27" count="0" type="cond" truecount="0" falsecount="6"/>
        <line num="29" count="0" type="stmt"/>
        <line num="32" count="0" type="stmt"/>
        <line num="35" count="0" type="cond" truecount="0" falsecount="2"/>
        <line num="37" count="0" type="stmt"/>
        <line num="40" count="0" type="stmt"/>
        <line num="43" count="0" type="stmt"/>
        <line num="46" count="0" type="cond" truecount="0" falsecount="2"/>
        <line num="48" count="0" type="stmt"/>
        <line num="51" count="0" type="cond" truecount="0" falsecount="2"/>
        <line num="53" count="0" type="stmt"/>
        <line num="56" count="0" type="cond" truecount="0" falsecount="2"/>
        <line num="58" count="0" type="stmt"/>
        <line num="61" count="0" type="stmt"/>
        <line num="64" count="0" type="cond" truecount="0" falsecount="2"/>
        <line num="66" count="0" type="stmt"/>
        <line num="69" count="0" type="stmt"/>
        <line num="72" count="0" type="stmt"/>
        <line num="75" count="0" type="stmt"/>
        <line num="78" count="0" type="stmt"/>
        <line num="81" count="0" type="stmt"/>
        <line num="84" count="0" type="cond" truecount="0" falsecount="4"/>
        <line num="86" count="0" type="stmt"/>
      </file>
      <file name="index.ts" path="/home/runner/work/Image-Watcher/Image-Watcher/src/api/index.ts">
        <metrics statements="2" coveredstatements="2" conditionals="0" coveredconditionals="0" methods="0" coveredmethods="0"/>
        <line num="5" count="1" type="stmt"/>
        <line num="8" count="1" type="stmt"/>
      </file>
    </package>
    <package name="src.core">
      <metrics statements="9" coveredstatements="8" conditionals="24" coveredconditionals="15" methods="2" coveredmethods="1"/>
      <file name="logger.ts" path="/home/runner/work/Image-Watcher/Image-Watcher/src/core/logger.ts">
        <metrics statements="9" coveredstatements="8" conditionals="24" coveredconditionals="15" methods="2" coveredmethods="1"/>
        <line num="5" count="7" type="cond" truecount="2" falsecount="2"/>
        <line num="8" count="7" type="cond" truecount="2" falsecount="2"/>
        <line num="11" count="7" type="cond" truecount="2" falsecount="0"/>
        <line num="14" count="7" type="cond" truecount="2" falsecount="0"/>
        <line num="17" count="7" type="cond" truecount="1" falsecount="1"/>
        <line num="20" count="7" type="stmt"/>
        <line num="53" count="0" type="stmt"/>
        <line num="66" count="18" type="cond" truecount="1" falsecount="1"/>
        <line num="69" count="18" type="stmt"/>
      </file>
    </package>
    <package name="src.service.ai">
      <metrics statements="54" coveredstatements="54" conditionals="14" coveredconditionals="14" methods="7" coveredmethods="7"/>
      <file name="ai.service.ts" path="/home/runner/work/Image-Watcher/Image-Watcher/src/service/ai/ai.service.ts">
        <metrics statements="54" coveredstatements="54" conditionals="14" coveredconditionals="14" methods="7" coveredmethods="7"/>
        <line num="9" count="3" type="stmt"/>
        <line num="16" count="3" type="stmt"/>
        <line num="18" count="30" type="stmt"/>
        <line num="25" count="30" type="stmt"/>
        <line num="28" count="30" type="stmt"/>
        <line num="36" count="31" type="stmt"/>
        <line num="39" count="31" type="stmt"/>
        <line num="41" count="32" type="cond" truecount="2" falsecount="0"/>
        <line num="43" count="29" type="stmt"/>
        <line num="46" count="29" type="stmt"/>
        <line num="49" count="3" type="stmt"/>
        <line num="54" count="31" type="cond" truecount="2" falsecount="0"/>
        <line num="56" count="3" type="stmt"/>
        <line num="59" count="28" type="stmt"/>
        <line num="67" count="21" type="cond" truecount="2" falsecount="0"/>
        <line num="69" count="7" type="stmt"/>
        <line num="72" count="14" type="cond" truecount="2" falsecount="0"/>
        <line num="74" count="14" type="stmt"/>
        <line num="77" count="10" type="stmt"/>
        <line num="85" count="6" type="stmt"/>
        <line num="88" count="6" type="cond" truecount="2" falsecount="0"/>
        <line num="90" count="2" type="stmt"/>
        <line num="93" count="2" type="stmt"/>
        <line num="97" count="4" type="stmt"/>
        <line num="99" count="4" type="stmt"/>
        <line num="101" count="4" type="stmt"/>
        <line num="104" count="3" type="stmt"/>
        <line num="107" count="3" type="stmt"/>
        <line num="110" count="1" type="stmt"/>
        <line num="113" count="1" type="stmt"/>
        <line num="122" count="6" type="stmt"/>
        <line num="125" count="6" type="cond" truecount="2" falsecount="0"/>
        <line num="127" count="2" type="stmt"/>
        <line num="130" count="2" type="stmt"/>
        <line num="134" count="4" type="stmt"/>
        <line num="140" count="4" type="stmt"/>
        <line num="143" count="4" type="stmt"/>
        <line num="145" count="4" type="stmt"/>
        <line num="148" count="3" type="stmt"/>
        <line num="151" count="3" type="stmt"/>
        <line num="154" count="1" type="stmt"/>
        <line num="157" count="1" type="stmt"/>
        <line num="164" count="5" type="stmt"/>
        <line num="167" count="5" type="cond" truecount="2" falsecount="0"/>
        <line num="169" count="2" type="stmt"/>
        <line num="172" count="2" type="stmt"/>
        <line num="175" count="3" type="stmt"/>
        <line num="177" count="3" type="stmt"/>
        <line num="179" count="3" type="stmt"/>
        <line num="182" count="2" type="stmt"/>
        <line num="185" count="2" type="stmt"/>
        <line num="188" count="1" type="stmt"/>
        <line num="191" count="1" type="stmt"/>
        <line num="199" count="5" type="stmt"/>
      </file>
    </package>
    <package name="src.service.ai.domain">
      <metrics statements="0" coveredstatements="0" conditionals="0" coveredconditionals="0" methods="0" coveredmethods="0"/>
      <file name="i-ai.ts" path="/home/runner/work/Image-Watcher/Image-Watcher/src/service/ai/domain/i-ai.ts">
        <metrics statements="0" coveredstatements="0" conditionals="0" coveredconditionals="0" methods="0" coveredmethods="0"/>
      </file>
    </package>
    <package name="src.service.ai.prompts">
      <metrics statements="1" coveredstatements="1" conditionals="0" coveredconditionals="0" methods="0" coveredmethods="0"/>
      <file name="release-note.ts" path="/home/runner/work/Image-Watcher/Image-Watcher/src/service/ai/prompts/release-note.ts">
        <metrics statements="1" coveredstatements="1" conditionals="0" coveredconditionals="0" methods="0" coveredmethods="0"/>
        <line num="1" count="2" type="stmt"/>
      </file>
    </package>
    <package name="src.service.image-watcher">
      <metrics statements="124" coveredstatements="117" conditionals="84" coveredconditionals="65" methods="23" coveredmethods="22"/>
      <file name="image-watcher.service.ts" path="/home/runner/work/Image-Watcher/Image-Watcher/src/service/image-watcher/image-watcher.service.ts">
        <metrics statements="124" coveredstatements="117" conditionals="84" coveredconditionals="65" methods="23" coveredmethods="22"/>
        <line num="18" count="2" type="stmt"/>
        <line num="25" count="2" type="stmt"/>
        <line num="27" count="31" type="stmt"/>
        <line num="100" count="31" type="stmt"/>
        <line num="101" count="31" type="stmt"/>
        <line num="102" count="31" type="stmt"/>
        <line num="103" count="31" type="stmt"/>
        <line num="104" count="31" type="stmt"/>
        <line num="112" count="2" type="stmt"/>
        <line num="115" count="2" type="cond" truecount="2" falsecount="0"/>
        <line num="117" count="1" type="stmt"/>
        <line num="120" count="1" type="stmt"/>
        <line num="128" count="6" type="stmt"/>
        <line num="131" count="6" type="stmt"/>
        <line num="134" count="6" type="stmt"/>
        <line num="135" count="6" type="stmt"/>
        <line num="136" count="6" type="stmt"/>
        <line num="137" count="6" type="stmt"/>
        <line num="140" count="6" type="stmt"/>
        <line num="143" count="6" type="stmt"/>
        <line num="146" count="6" type="stmt"/>
        <line num="149" count="6" type="cond" truecount="2" falsecount="0"/>
        <line num="151" count="5" type="stmt"/>
        <line num="154" count="5" type="stmt"/>
        <line num="159" count="1" type="stmt"/>
        <line num="162" count="1" type="stmt"/>
        <line num="167" count="6" type="stmt"/>
        <line num="175" count="1" type="stmt"/>
        <line num="178" count="1" type="stmt"/>
        <line num="181" count="1" type="stmt"/>
        <line num="183" count="2" type="cond" truecount="2" falsecount="0"/>
        <line num="185" count="1" type="stmt"/>
        <line num="189" count="1" type="stmt"/>
        <line num="196" count="9" type="stmt"/>
        <line num="197" count="9" type="stmt"/>
        <line num="201" count="9" type="stmt"/>
        <line num="204" count="9" type="cond" truecount="4" falsecount="0"/>
        <line num="206" count="1" type="stmt"/>
        <line num="209" count="8" type="stmt"/>
        <line num="212" count="7" type="stmt"/>
        <line num="215" count="19" type="stmt"/>
        <line num="218" count="7" type="cond" truecount="2" falsecount="0"/>
        <line num="220" count="4" type="stmt"/>
        <line num="221" count="3" type="cond" truecount="2" falsecount="0"/>
        <line num="223" count="1" type="stmt"/>
        <line num="224" count="2" type="cond" truecount="2" falsecount="0"/>
        <line num="226" count="1" type="stmt"/>
        <line num="227" count="1" type="cond" truecount="1" falsecount="1"/>
        <line num="229" count="1" type="stmt"/>
        <line num="233" count="7" type="cond" truecount="2" falsecount="0"/>
        <line num="235" count="2" type="stmt"/>
        <line num="238" count="2" type="stmt"/>
        <line num="241" count="8" type="stmt"/>
        <line num="244" count="5" type="stmt"/>
        <line num="247" count="5" type="cond" truecount="2" falsecount="0"/>
        <line num="249" count="4" type="stmt"/>
        <line num="252" count="7" type="stmt"/>
        <line num="255" count="4" type="stmt"/>
        <line num="260" count="4" type="stmt"/>
        <line num="261" count="1" type="cond" truecount="1" falsecount="1"/>
        <line num="263" count="1" type="stmt"/>
        <line num="266" count="1" type="cond" truecount="2" falsecount="2"/>
        <line num="268" count="1" type="stmt"/>
        <line num="271" count="1" type="stmt"/>
        <line num="273" count="1" type="stmt"/>
        <line num="274" count="1" type="stmt"/>
        <line num="275" count="1" type="stmt"/>
        <line num="276" count="1" type="stmt"/>
        <line num="279" count="1" type="stmt"/>
        <line num="282" count="1" type="cond" truecount="1" falsecount="1"/>
        <line num="284" count="1" type="cond" truecount="1" falsecount="3"/>
        <line num="287" count="1" type="stmt"/>
        <line num="292" count="0" type="stmt"/>
        <line num="295" count="0" type="stmt"/>
        <line num="299" count="1" type="stmt"/>
        <line num="307" count="5" type="stmt"/>
        <line num="309" count="5" type="stmt"/>
        <line num="313" count="8" type="stmt"/>
        <line num="319" count="8" type="stmt"/>
        <line num="324" count="5" type="stmt"/>
        <line num="328" count="8" type="stmt"/>
        <line num="331" count="8" type="cond" truecount="1" falsecount="1"/>
        <line num="336" count="5" type="stmt"/>
        <line num="339" count="0" type="stmt"/>
        <line num="342" count="0" type="stmt"/>
        <line num="351" count="12" type="cond" truecount="2" falsecount="0"/>
        <line num="353" count="8" type="stmt"/>
        <line num="356" count="4" type="stmt"/>
        <line num="359" count="4" type="cond" truecount="2" falsecount="0"/>
        <line num="361" count="1" type="stmt"/>
        <line num="364" count="6" type="stmt"/>
        <line num="367" count="3" type="cond" truecount="2" falsecount="0"/>
        <line num="369" count="2" type="cond" truecount="2" falsecount="0"/>
        <line num="372" count="1" type="stmt"/>
        <line num="375" count="3" type="stmt"/>
        <line num="378" count="1" type="cond" truecount="1" falsecount="1"/>
        <line num="380" count="1" type="cond" truecount="1" falsecount="1"/>
        <line num="383" count="0" type="stmt"/>
        <line num="386" count="1" type="stmt"/>
        <line num="387" count="3" type="stmt"/>
        <line num="388" count="3" type="stmt"/>
        <line num="391" count="3" type="cond" truecount="4" falsecount="0"/>
        <line num="392" count="2" type="cond" truecount="4" falsecount="0"/>
        <line num="395" count="1" type="stmt"/>
        <line num="399" count="1" type="cond" truecount="1" falsecount="1"/>
        <line num="407" count="12" type="cond" truecount="1" falsecount="1"/>
        <line num="408" count="12" type="stmt"/>
        <line num="420" count="15" type="stmt"/>
        <line num="428" count="13" type="stmt"/>
        <line num="450" count="45" type="stmt"/>
        <line num="453" count="45" type="cond" truecount="2" falsecount="0"/>
        <line num="456" count="45" type="cond" truecount="1" falsecount="1"/>
        <line num="458" count="0" type="cond" truecount="0" falsecount="3"/>
        <line num="461" count="45" type="cond" truecount="3" falsecount="0"/>
        <line num="464" count="45" type="cond" truecount="2" falsecount="0"/>
        <line num="466" count="14" type="stmt"/>
        <line num="469" count="31" type="cond" truecount="1" falsecount="1"/>
        <line num="471" count="31" type="stmt"/>
        <line num="473" count="31" type="cond" truecount="4" falsecount="0"/>
        <line num="475" count="30" type="stmt"/>
        <line num="478" count="1" type="cond" truecount="1" falsecount="1"/>
        <line num="480" count="1" type="stmt"/>
        <line num="484" count="1" type="stmt"/>
        <line num="488" count="0" type="stmt"/>
      </file>
    </package>
    <package name="src.service.image-watcher.domain">
      <metrics statements="4" coveredstatements="4" conditionals="0" coveredconditionals="0" methods="0" coveredmethods="0"/>
      <file name="annotation.ts" path="/home/runner/work/Image-Watcher/Image-Watcher/src/service/image-watcher/domain/annotation.ts">
        <metrics statements="4" coveredstatements="4" conditionals="0" coveredconditionals="0" methods="0" coveredmethods="0"/>
        <line num="4" count="4" type="stmt"/>
        <line num="24" count="4" type="stmt"/>
        <line num="37" count="4" type="stmt"/>
        <line num="49" count="4" type="stmt"/>
      </file>
    </package>
    <package name="src.service.notification">
      <metrics statements="56" coveredstatements="53" conditionals="18" coveredconditionals="14" methods="8" coveredmethods="5"/>
      <file name="notification.service.ts" path="/home/runner/work/Image-Watcher/Image-Watcher/src/service/notification/notification.service.ts">
        <metrics statements="56" coveredstatements="53" conditionals="18" coveredconditionals="14" methods="8" coveredmethods="5"/>
        <line num="11" count="3" type="stmt"/>
        <line num="18" count="3" type="stmt"/>
        <line num="20" count="12" type="stmt"/>
        <line num="27" count="12" type="stmt"/>
        <line num="30" count="12" type="stmt"/>
        <line num="38" count="12" type="stmt"/>
        <line num="41" count="12" type="stmt"/>
        <line num="43" count="24" type="cond" truecount="2" falsecount="0"/>
        <line num="45" count="20" type="stmt"/>
        <line num="48" count="20" type="stmt"/>
        <line num="51" count="4" type="stmt"/>
        <line num="55" count="12" type="cond" truecount="2" falsecount="0"/>
        <line num="57" count="2" type="stmt"/>
        <line num="60" count="10" type="stmt"/>
        <line num="68" count="0" type="stmt"/>
        <line num="75" count="4" type="stmt"/>
        <line num="78" count="4" type="cond" truecount="2" falsecount="0"/>
        <line num="80" count="1" type="stmt"/>
        <line num="83" count="1" type="stmt"/>
        <line num="87" count="3" type="stmt"/>
        <line num="90" count="3" type="stmt"/>
        <line num="91" count="3" type="stmt"/>
        <line num="93" count="3" type="stmt"/>
        <line num="96" count="3" type="stmt"/>
        <line num="99" count="3" type="stmt"/>
        <line num="101" count="3" type="stmt"/>
        <line num="105" count="2" type="stmt"/>
        <line num="108" count="2" type="stmt"/>
        <line num="111" count="1" type="stmt"/>
        <line num="114" count="1" type="stmt"/>
        <line num="119" count="3" type="stmt"/>
        <line num="127" count="1" type="stmt"/>
        <line num="135" count="6" type="cond" truecount="2" falsecount="0"/>
        <line num="138" count="6" type="cond" truecount="2" falsecount="0"/>
        <line num="140" count="5" type="stmt"/>
        <line num="143" count="1" type="stmt"/>
        <line num="152" count="1" type="stmt"/>
        <line num="155" count="1" type="stmt"/>
        <line num="158" count="1" type="stmt"/>
        <line num="160" count="2" type="cond" truecount="2" falsecount="0"/>
        <line num="162" count="1" type="stmt"/>
        <line num="165" count="1" type="stmt"/>
        <line num="169" count="1" type="stmt"/>
        <line num="172" count="1" type="stmt"/>
        <line num="174" count="5" type="cond" truecount="0" falsecount="2"/>
        <line num="177" count="5" type="stmt"/>
        <line num="180" count="5" type="cond" truecount="1" falsecount="1"/>
        <line num="182" count="0" type="stmt"/>
        <line num="185" count="0" type="stmt"/>
        <line num="190" count="1" type="cond" truecount="1" falsecount="1"/>
        <line num="192" count="1" type="stmt"/>
        <line num="195" count="1" type="stmt"/>
        <line num="198" count="1" type="stmt"/>
        <line num="201" count="1" type="stmt"/>
        <line num="205" count="1" type="stmt"/>
        <line num="208" count="1" type="stmt"/>
      </file>
    </package>
    <package name="src.service.orchestrator">
      <metrics statements="49" coveredstatements="49" conditionals="12" coveredconditionals="11" methods="8" coveredmethods="8"/>
      <file name="orchestrator.service.ts" path="/home/runner/work/Image-Watcher/Image-Watcher/src/service/orchestrator/orchestrator.service.ts">
        <metrics statements="49" coveredstatements="49" conditionals="12" coveredconditionals="11" methods="8" coveredmethods="8"/>
        <line num="11" count="3" type="stmt"/>
        <line num="18" count="3" type="stmt"/>
        <line num="20" count="15" type="stmt"/>
        <line num="26" count="15" type="stmt"/>
        <line num="28" count="15" type="stmt"/>
        <line num="31" count="15" type="stmt"/>
        <line num="39" count="15" type="stmt"/>
        <line num="42" count="15" type="stmt"/>
        <line num="44" count="15" type="cond" truecount="2" falsecount="0"/>
        <line num="46" count="14" type="stmt"/>
        <line num="49" count="14" type="stmt"/>
        <line num="52" count="1" type="stmt"/>
        <line num="57" count="15" type="cond" truecount="2" falsecount="0"/>
        <line num="59" count="1" type="stmt"/>
        <line num="62" count="14" type="stmt"/>
        <line num="71" count="12" type="cond" truecount="2" falsecount="0"/>
        <line num="73" count="1" type="stmt"/>
        <line num="76" count="11" type="stmt"/>
        <line num="84" count="4" type="stmt"/>
        <line num="86" count="4" type="stmt"/>
        <line num="88" count="4" type="stmt"/>
        <line num="91" count="2" type="stmt"/>
        <line num="93" count="3" type="cond" truecount="1" falsecount="1"/>
        <line num="96" count="3" type="stmt"/>
        <line num="99" count="3" type="stmt"/>
        <line num="109" count="2" type="stmt"/>
        <line num="112" count="2" type="stmt"/>
        <line num="115" count="2" type="stmt"/>
        <line num="118" count="2" type="stmt"/>
        <line num="127" count="2" type="stmt"/>
        <line num="129" count="2" type="stmt"/>
        <line num="131" count="2" type="stmt"/>
        <line num="134" count="1" type="stmt"/>
        <line num="137" count="1" type="stmt"/>
        <line num="145" count="2" type="stmt"/>
        <line num="148" count="2" type="stmt"/>
        <line num="151" count="1" type="stmt"/>
        <line num="160" count="2" type="stmt"/>
        <line num="162" count="2" type="stmt"/>
        <line num="164" count="2" type="stmt"/>
        <line num="167" count="1" type="stmt"/>
        <line num="170" count="1" type="stmt"/>
        <line num="173" count="1" type="stmt"/>
        <line num="182" count="2" type="stmt"/>
        <line num="184" count="2" type="stmt"/>
        <line num="186" count="2" type="stmt"/>
        <line num="189" count="1" type="stmt"/>
        <line num="192" count="1" type="stmt"/>
        <line num="195" count="1" type="stmt"/>
      </file>
    </package>
    <package name="src.service.registry">
      <metrics statements="34" coveredstatements="31" conditionals="10" coveredconditionals="8" methods="4" coveredmethods="4"/>
      <file name="registry.service.ts" path="/home/runner/work/Image-Watcher/Image-Watcher/src/service/registry/registry.service.ts">
        <metrics statements="34" coveredstatements="31" conditionals="10" coveredconditionals="8" methods="4" coveredmethods="4"/>
        <line num="10" count="3" type="stmt"/>
        <line num="17" count="3" type="stmt"/>
        <line num="19" count="11" type="stmt"/>
        <line num="25" count="11" type="stmt"/>
        <line num="26" count="11" type="stmt"/>
        <line num="29" count="11" type="stmt"/>
        <line num="32" count="11" type="stmt"/>
        <line num="40" count="11" type="stmt"/>
        <line num="43" count="11" type="stmt"/>
        <line num="45" count="22" type="cond" truecount="2" falsecount="0"/>
        <line num="47" count="21" type="stmt"/>
        <line num="50" count="21" type="stmt"/>
        <line num="53" count="1" type="stmt"/>
        <line num="58" count="11" type="cond" truecount="1" falsecount="1"/>
        <line num="60" count="0" type="stmt"/>
        <line num="63" count="11" type="stmt"/>
        <line num="92" count="4" type="stmt"/>
        <line num="95" count="4" type="stmt"/>
        <line num="98" count="4" type="stmt"/>
        <line num="100" count="4" type="stmt"/>
        <line num="102" count="4" type="stmt"/>
        <line num="105" count="3" type="stmt"/>
        <line num="108" count="3" type="stmt"/>
        <line num="111" count="1" type="stmt"/>
        <line num="114" count="1" type="stmt"/>
        <line num="125" count="7" type="cond" truecount="3" falsecount="0"/>
        <line num="128" count="2" type="stmt"/>
        <line num="129" count="2" type="stmt"/>
        <line num="133" count="5" type="stmt"/>
        <line num="134" count="5" type="stmt"/>
        <line num="138" count="7" type="cond" truecount="1" falsecount="1"/>
        <line num="140" count="0" type="stmt"/>
        <line num="143" count="0" type="stmt"/>
        <line num="147" count="7" type="stmt"/>
      </file>
    </package>
    <package name="src.service.release">
      <metrics statements="39" coveredstatements="37" conditionals="22" coveredconditionals="21" methods="6" coveredmethods="6"/>
      <file name="release.service.ts" path="/home/runner/work/Image-Watcher/Image-Watcher/src/service/release/release.service.ts">
        <metrics statements="39" coveredstatements="37" conditionals="22" coveredconditionals="21" methods="6" coveredmethods="6"/>
        <line num="11" count="3" type="stmt"/>
        <line num="18" count="3" type="stmt"/>
        <line num="20" count="18" type="stmt"/>
        <line num="23" count="18" type="stmt"/>
        <line num="30" count="18" type="stmt"/>
        <line num="33" count="18" type="stmt"/>
        <line num="41" count="18" type="stmt"/>
        <line num="44" count="18" type="stmt"/>
        <line num="46" count="36" type="cond" truecount="2" falsecount="0"/>
        <line num="48" count="35" type="stmt"/>
        <line num="51" count="35" type="stmt"/>
        <line num="54" count="1" type="stmt"/>
        <line num="59" count="18" type="cond" truecount="1" falsecount="1"/>
        <line num="61" count="0" type="stmt"/>
        <line num="64" count="18" type="stmt"/>
        <line num="72" count="6" type="stmt"/>
        <line num="75" count="6" type="cond" truecount="2" falsecount="0"/>
        <line num="78" count="6" type="cond" truecount="2" falsecount="0"/>
        <line num="81" count="6" type="cond" truecount="2" falsecount="0"/>
        <line num="83" count="1" type="stmt"/>
        <line num="86" count="1" type="stmt"/>
        <line num="90" count="5" type="stmt"/>
        <line num="93" count="5" type="stmt"/>
        <line num="95" count="5" type="stmt"/>
        <line num="98" count="4" type="cond" truecount="2" falsecount="0"/>
        <line num="100" count="4" type="stmt"/>
        <line num="103" count="1" type="stmt"/>
        <line num="106" count="4" type="stmt"/>
        <line num="109" count="1" type="stmt"/>
        <line num="112" count="1" type="stmt"/>
        <line num="121" count="10" type="cond" truecount="2" falsecount="0"/>
        <line num="123" count="2" type="stmt"/>
        <line num="126" count="8" type="cond" truecount="2" falsecount="0"/>
        <line num="128" count="3" type="stmt"/>
        <line num="130" count="6" type="cond" truecount="4" falsecount="0"/>
        <line num="132" count="3" type="stmt"/>
        <line num="135" count="0" type="stmt"/>
        <line num="139" count="5" type="stmt"/>
        <line num="147" count="10" type="cond" truecount="2" falsecount="0"/>
      </file>
    </package>
    <package name="src.utils">
      <metrics statements="107" coveredstatements="104" conditionals="112" coveredconditionals="104" methods="26" coveredmethods="26"/>
      <file name="date-utils.ts" path="/home/runner/work/Image-Watcher/Image-Watcher/src/utils/date-utils.ts">
        <metrics statements="10" coveredstatements="10" conditionals="5" coveredconditionals="5" methods="3" coveredmethods="3"/>
        <line num="6" count="17" type="stmt"/>
        <line num="18" count="187" type="stmt"/>
        <line num="21" count="17" type="stmt"/>
        <line num="24" count="17" type="stmt"/>
        <line num="25" count="17" type="stmt"/>
        <line num="28" count="17" type="stmt"/>
        <line num="31" count="17" type="cond" truecount="2" falsecount="0"/>
        <line num="34" count="34" type="stmt"/>
        <line num="37" count="17" type="stmt"/>
        <line num="40" count="17" type="stmt"/>
      </file>
      <file name="image-utils.ts" path="/home/runner/work/Image-Watcher/Image-Watcher/src/utils/image-utils.ts">
        <metrics statements="18" coveredstatements="18" conditionals="11" coveredconditionals="11" methods="1" coveredmethods="1"/>
        <line num="5" count="35" type="stmt"/>
        <line num="6" count="35" type="stmt"/>
        <line num="7" count="35" type="stmt"/>
        <line num="8" count="35" type="stmt"/>
        <line num="11" count="35" type="cond" truecount="2" falsecount="0"/>
        <line num="13" count="4" type="stmt"/>
        <line num="16" count="4" type="stmt"/>
        <line num="19" count="4" type="stmt"/>
        <line num="23" count="31" type="stmt"/>
        <line num="26" count="31" type="cond" truecount="5" falsecount="0"/>
        <line num="28" count="14" type="stmt"/>
        <line num="31" count="14" type="stmt"/>
        <line num="35" count="31" type="cond" truecount="2" falsecount="0"/>
        <line num="37" count="24" type="stmt"/>
        <line num="40" count="24" type="cond" truecount="2" falsecount="0"/>
        <line num="43" count="24" type="stmt"/>
        <line num="47" count="31" type="stmt"/>
        <line num="50" count="31" type="stmt"/>
      </file>
      <file name="notification-utils.ts" path="/home/runner/work/Image-Watcher/Image-Watcher/src/utils/notification-utils.ts">
        <metrics statements="9" coveredstatements="9" conditionals="9" coveredconditionals="9" methods="2" coveredmethods="2"/>
        <line num="20" count="20" type="stmt"/>
        <line num="23" count="20" type="cond" truecount="2" falsecount="0"/>
        <line num="26" count="20" type="cond" truecount="4" falsecount="0"/>
        <line num="27" count="5" type="stmt"/>
        <line num="34" count="15" type="stmt"/>
        <line num="36" count="15" type="cond" truecount="2" falsecount="0"/>
        <line num="37" count="1" type="stmt"/>
        <line num="44" count="40" type="stmt"/>
        <line num="46" count="14" type="stmt"/>
      </file>
      <file name="semver-utils.ts" path="/home/runner/work/Image-Watcher/Image-Watcher/src/utils/semver-utils.ts">
        <metrics statements="70" coveredstatements="67" conditionals="87" coveredconditionals="79" methods="20" coveredmethods="20"/>
        <line num="2" count="4" type="stmt"/>
        <line num="21" count="22" type="stmt"/>
        <line num="29" count="366" type="stmt"/>
        <line num="32" count="366" type="cond" truecount="2" falsecount="0"/>
        <line num="34" count="5" type="stmt"/>
        <line num="37" count="361" type="stmt"/>
        <line num="40" count="361" type="stmt"/>
        <line num="55" count="29" type="stmt"/>
        <line num="58" count="29" type="stmt"/>
        <line num="61" count="29" type="stmt"/>
        <line num="64" count="175" type="cond" truecount="4" falsecount="0"/>
        <line num="66" count="33" type="stmt"/>
        <line num="69" count="142" type="cond" truecount="2" falsecount="0"/>
        <line num="72" count="175" type="stmt"/>
        <line num="74" count="90" type="cond" truecount="4" falsecount="0"/>
        <line num="81" count="25" type="stmt"/>
        <line num="84" count="25" type="cond" truecount="1" falsecount="1"/>
        <line num="86" count="0" type="stmt"/>
        <line num="89" count="115" type="cond" truecount="3" falsecount="0"/>
        <line num="92" count="25" type="stmt"/>
        <line num="94" count="7" type="cond" truecount="2" falsecount="0"/>
        <line num="96" count="4" type="stmt"/>
        <line num="99" count="3" type="stmt"/>
        <line num="107" count="24" type="stmt"/>
        <line num="110" count="24" type="cond" truecount="1" falsecount="1"/>
        <line num="112" count="0" type="stmt"/>
        <line num="115" count="109" type="cond" truecount="3" falsecount="0"/>
        <line num="118" count="24" type="stmt"/>
        <line num="120" count="39" type="cond" truecount="2" falsecount="0"/>
        <line num="122" count="15" type="stmt"/>
        <line num="125" count="24" type="stmt"/>
        <line num="133" count="23" type="stmt"/>
        <line num="136" count="23" type="cond" truecount="1" falsecount="1"/>
        <line num="138" count="0" type="stmt"/>
        <line num="141" count="103" type="cond" truecount="2" falsecount="0"/>
        <line num="144" count="23" type="stmt"/>
        <line num="146" count="27" type="cond" truecount="2" falsecount="0"/>
        <line num="148" count="12" type="stmt"/>
        <line num="151" count="15" type="stmt"/>
        <line num="160" count="133" type="cond" truecount="2" falsecount="0"/>
        <line num="162" count="104" type="cond" truecount="2" falsecount="0"/>
        <line num="165" count="93" type="stmt"/>
        <line num="168" count="29" type="stmt"/>
        <line num="169" count="29" type="stmt"/>
        <line num="172" count="29" type="stmt"/>
        <line num="181" count="486" type="cond" truecount="2" falsecount="0"/>
        <line num="183" count="139" type="cond" truecount="2" falsecount="0"/>
        <line num="186" count="347" type="cond" truecount="2" falsecount="0"/>
        <line num="188" count="347" type="cond" truecount="2" falsecount="0"/>
        <line num="191" count="139" type="cond" truecount="2" falsecount="0"/>
        <line num="193" count="139" type="cond" truecount="2" falsecount="0"/>
        <line num="196" count="59" type="cond" truecount="4" falsecount="0"/>
        <line num="198" count="55" type="stmt"/>
        <line num="201" count="4" type="cond" truecount="4" falsecount="0"/>
        <line num="203" count="1" type="stmt"/>
        <line num="206" count="3" type="cond" truecount="4" falsecount="0"/>
        <line num="208" count="1" type="stmt"/>
        <line num="211" count="2" type="cond" truecount="2" falsecount="0"/>
        <line num="219" count="24" type="stmt"/>
        <line num="222" count="82" type="cond" truecount="1" falsecount="1"/>
        <line num="225" count="24" type="stmt"/>
        <line num="226" count="82" type="cond" truecount="1" falsecount="1"/>
        <line num="228" count="82" type="cond" truecount="4" falsecount="0"/>
        <line num="229" count="80" type="stmt"/>
        <line num="233" count="24" type="cond" truecount="2" falsecount="0"/>
        <line num="234" count="5" type="stmt"/>
        <line num="243" count="19" type="cond" truecount="1" falsecount="1"/>
        <line num="244" count="24" type="cond" truecount="1" falsecount="1"/>
        <line num="245" count="24" type="cond" truecount="1" falsecount="1"/>
        <line num="247" count="24" type="stmt"/>
      </file>
    </package>
  </project>
</coverage>
