{"/home/runner/work/Image-Watcher/Image-Watcher/src/server.ts": {"path":"/home/runner/work/Image-Watcher/Image-Watcher/src/server.ts","statementMap":{"0":{"start":{"line":10,"column":6},"end":{"line":10,"column":null}},"1":{"start":{"line":13,"column":6},"end":{"line":13,"column":null}},"2":{"start":{"line":16,"column":13},"end":{"line":16,"column":null}},"3":{"start":{"line":19,"column":22},"end":{"line":19,"column":null}},"4":{"start":{"line":26,"column":2},"end":{"line":26,"column":null}},"5":{"start":{"line":29,"column":8},"end":{"line":29,"column":null}},"6":{"start":{"line":32,"column":2},"end":{"line":34,"column":null}},"7":{"start":{"line":34,"column":4},"end":{"line":34,"column":null}},"8":{"start":{"line":37,"column":2},"end":{"line":37,"column":null}},"9":{"start":{"line":40,"column":2},"end":{"line":40,"column":null}},"10":{"start":{"line":43,"column":2},"end":{"line":43,"column":null}},"11":{"start":{"line":46,"column":2},"end":{"line":46,"column":null}},"12":{"start":{"line":46,"column":36},"end":{"line":46,"column":53}},"13":{"start":{"line":49,"column":2},"end":{"line":49,"column":null}},"14":{"start":{"line":49,"column":41},"end":{"line":49,"column":57}},"15":{"start":{"line":52,"column":2},"end":{"line":52,"column":null}},"16":{"start":{"line":52,"column":32},"end":{"line":52,"column":80}},"17":{"start":{"line":59,"column":2},"end":{"line":59,"column":null}},"18":{"start":{"line":66,"column":2},"end":{"line":78,"column":null}},"19":{"start":{"line":68,"column":25},"end":{"line":68,"column":null}},"20":{"start":{"line":71,"column":4},"end":{"line":71,"column":null}},"21":{"start":{"line":74,"column":4},"end":{"line":74,"column":null}},"22":{"start":{"line":77,"column":4},"end":{"line":77,"column":null}}},"fnMap":{"0":{"name":"startServer","decl":{"start":{"line":24,"column":22},"end":{"line":24,"column":36}},"loc":{"start":{"line":24,"column":36},"end":{"line":53,"column":null}},"line":24},"1":{"name":"(anonymous_1)","decl":{"start":{"line":46,"column":22},"end":{"line":46,"column":23}},"loc":{"start":{"line":46,"column":36},"end":{"line":46,"column":53}},"line":46},"2":{"name":"(anonymous_2)","decl":{"start":{"line":49,"column":21},"end":{"line":49,"column":28}},"loc":{"start":{"line":49,"column":41},"end":{"line":49,"column":57}},"line":49},"3":{"name":"(anonymous_3)","decl":{"start":{"line":52,"column":26},"end":{"line":52,"column":32}},"loc":{"start":{"line":52,"column":32},"end":{"line":52,"column":80}},"line":52},"4":{"name":"healthz","decl":{"start":{"line":58,"column":15},"end":{"line":58,"column":23}},"loc":{"start":{"line":58,"column":68},"end":{"line":60,"column":null}},"line":58},"5":{"name":"readyz","decl":{"start":{"line":65,"column":15},"end":{"line":65,"column":22}},"loc":{"start":{"line":65,"column":67},"end":{"line":79,"column":null}},"line":65}},"branchMap":{"0":{"loc":{"start":{"line":16,"column":13},"end":{"line":16,"column":null}},"type":"binary-expr","locations":[{"start":{"line":16,"column":13},"end":{"line":16,"column":25}},{"start":{"line":16,"column":25},"end":{"line":16,"column":null}}],"line":16},"1":{"loc":{"start":{"line":19,"column":22},"end":{"line":19,"column":null}},"type":"binary-expr","locations":[{"start":{"line":19,"column":22},"end":{"line":19,"column":43}},{"start":{"line":19,"column":43},"end":{"line":19,"column":null}}],"line":19},"2":{"loc":{"start":{"line":32,"column":2},"end":{"line":34,"column":null}},"type":"if","locations":[{"start":{"line":32,"column":2},"end":{"line":34,"column":null}},{"start":{},"end":{}}],"line":32},"3":{"loc":{"start":{"line":77,"column":55},"end":{"line":77,"column":98}},"type":"binary-expr","locations":[{"start":{"line":77,"column":55},"end":{"line":77,"column":71}},{"start":{"line":77,"column":71},"end":{"line":77,"column":98}}],"line":77}},"s":{"0":1,"1":1,"2":1,"3":1,"4":1,"5":1,"6":1,"7":0,"8":1,"9":1,"10":1,"11":1,"12":1,"13":1,"14":1,"15":1,"16":1,"17":1,"18":1,"19":1,"20":1,"21":1,"22":0},"f":{"0":1,"1":1,"2":1,"3":1,"4":1,"5":1},"b":{"0":[1,1],"1":[1,1],"2":[0,1],"3":[0,0]},"meta":{"lastBranch":4,"lastFunction":6,"lastStatement":23,"seen":{"s:10:6:10:Infinity":0,"s:13:6:13:Infinity":1,"s:16:13:16:Infinity":2,"b:16:13:16:25:16:25:16:Infinity":0,"s:19:22:19:Infinity":3,"b:19:22:19:43:19:43:19:Infinity":1,"f:24:22:24:36":0,"s:26:2:26:Infinity":4,"s:29:8:29:Infinity":5,"b:32:2:34:Infinity:undefined:undefined:undefined:undefined":2,"s:32:2:34:Infinity":6,"s:34:4:34:Infinity":7,"s:37:2:37:Infinity":8,"s:40:2:40:Infinity":9,"s:43:2:43:Infinity":10,"s:46:2:46:Infinity":11,"f:46:22:46:23":1,"s:46:36:46:53":12,"s:49:2:49:Infinity":13,"f:49:21:49:28":2,"s:49:41:49:57":14,"s:52:2:52:Infinity":15,"f:52:26:52:32":3,"s:52:32:52:80":16,"f:58:15:58:23":4,"s:59:2:59:Infinity":17,"f:65:15:65:22":5,"s:66:2:78:Infinity":18,"s:68:25:68:Infinity":19,"s:71:4:71:Infinity":20,"s:74:4:74:Infinity":21,"s:77:4:77:Infinity":22,"b:77:55:77:71:77:71:77:98":3}}}
,"/home/runner/work/Image-Watcher/Image-Watcher/src/api/image-watcher.api.ts": {"path":"/home/runner/work/Image-Watcher/Image-Watcher/src/api/image-watcher.api.ts","statementMap":{"0":{"start":{"line":7,"column":6},"end":{"line":7,"column":null}},"1":{"start":{"line":10,"column":28},"end":{"line":10,"column":null}},"2":{"start":{"line":13,"column":21},"end":{"line":13,"column":null}},"3":{"start":{"line":18,"column":0},"end":{"line":89,"column":null}},"4":{"start":{"line":19,"column":2},"end":{"line":88,"column":null}},"5":{"start":{"line":21,"column":32},"end":{"line":21,"column":null}},"6":{"start":{"line":24,"column":31},"end":{"line":24,"column":null}},"7":{"start":{"line":27,"column":4},"end":{"line":29,"column":null}},"8":{"start":{"line":29,"column":6},"end":{"line":29,"column":null}},"9":{"start":{"line":32,"column":20},"end":{"line":32,"column":null}},"10":{"start":{"line":35,"column":4},"end":{"line":37,"column":null}},"11":{"start":{"line":37,"column":6},"end":{"line":37,"column":null}},"12":{"start":{"line":40,"column":4},"end":{"line":40,"column":null}},"13":{"start":{"line":43,"column":24},"end":{"line":43,"column":null}},"14":{"start":{"line":46,"column":4},"end":{"line":48,"column":null}},"15":{"start":{"line":48,"column":6},"end":{"line":48,"column":null}},"16":{"start":{"line":51,"column":4},"end":{"line":53,"column":null}},"17":{"start":{"line":53,"column":6},"end":{"line":53,"column":null}},"18":{"start":{"line":56,"column":4},"end":{"line":58,"column":null}},"19":{"start":{"line":58,"column":6},"end":{"line":58,"column":null}},"20":{"start":{"line":61,"column":19},"end":{"line":61,"column":null}},"21":{"start":{"line":64,"column":4},"end":{"line":69,"column":null}},"22":{"start":{"line":66,"column":6},"end":{"line":66,"column":null}},"23":{"start":{"line":69,"column":6},"end":{"line":69,"column":null}},"24":{"start":{"line":72,"column":4},"end":{"line":72,"column":null}},"25":{"start":{"line":75,"column":4},"end":{"line":75,"column":null}},"26":{"start":{"line":78,"column":32},"end":{"line":78,"column":null}},"27":{"start":{"line":81,"column":22},"end":{"line":81,"column":null}},"28":{"start":{"line":84,"column":4},"end":{"line":87,"column":null}},"29":{"start":{"line":86,"column":6},"end":{"line":86,"column":null}}},"fnMap":{"0":{"name":"(anonymous_0)","decl":{"start":{"line":18,"column":40},"end":{"line":18,"column":47}},"loc":{"start":{"line":18,"column":60},"end":{"line":89,"column":1}},"line":18}},"branchMap":{"0":{"loc":{"start":{"line":27,"column":4},"end":{"line":29,"column":null}},"type":"if","locations":[{"start":{"line":27,"column":4},"end":{"line":29,"column":null}},{"start":{},"end":{}}],"line":27},"1":{"loc":{"start":{"line":27,"column":8},"end":{"line":27,"column":null}},"type":"binary-expr","locations":[{"start":{"line":27,"column":8},"end":{"line":27,"column":18}},{"start":{"line":27,"column":18},"end":{"line":27,"column":30}},{"start":{"line":27,"column":30},"end":{"line":27,"column":44}},{"start":{"line":27,"column":44},"end":{"line":27,"column":null}}],"line":27},"2":{"loc":{"start":{"line":35,"column":4},"end":{"line":37,"column":null}},"type":"if","locations":[{"start":{"line":35,"column":4},"end":{"line":37,"column":null}},{"start":{},"end":{}}],"line":35},"3":{"loc":{"start":{"line":46,"column":4},"end":{"line":48,"column":null}},"type":"if","locations":[{"start":{"line":46,"column":4},"end":{"line":48,"column":null}},{"start":{},"end":{}}],"line":46},"4":{"loc":{"start":{"line":51,"column":4},"end":{"line":53,"column":null}},"type":"if","locations":[{"start":{"line":51,"column":4},"end":{"line":53,"column":null}},{"start":{},"end":{}}],"line":51},"5":{"loc":{"start":{"line":56,"column":4},"end":{"line":58,"column":null}},"type":"if","locations":[{"start":{"line":56,"column":4},"end":{"line":58,"column":null}},{"start":{},"end":{}}],"line":56},"6":{"loc":{"start":{"line":64,"column":4},"end":{"line":69,"column":null}},"type":"if","locations":[{"start":{"line":64,"column":4},"end":{"line":69,"column":null}},{"start":{"line":69,"column":6},"end":{"line":69,"column":null}}],"line":64},"7":{"loc":{"start":{"line":84,"column":4},"end":{"line":87,"column":null}},"type":"if","locations":[{"start":{"line":84,"column":4},"end":{"line":87,"column":null}},{"start":{},"end":{}}],"line":84},"8":{"loc":{"start":{"line":84,"column":8},"end":{"line":84,"column":41}},"type":"binary-expr","locations":[{"start":{"line":84,"column":8},"end":{"line":84,"column":17}},{"start":{"line":84,"column":17},"end":{"line":84,"column":41}}],"line":84}},"s":{"0":1,"1":1,"2":1,"3":1,"4":0,"5":0,"6":0,"7":0,"8":0,"9":0,"10":0,"11":0,"12":0,"13":0,"14":0,"15":0,"16":0,"17":0,"18":0,"19":0,"20":0,"21":0,"22":0,"23":0,"24":0,"25":0,"26":0,"27":0,"28":0,"29":0},"f":{"0":0},"b":{"0":[0,0],"1":[0,0,0,0],"2":[0,0],"3":[0,0],"4":[0,0],"5":[0,0],"6":[0,0],"7":[0,0],"8":[0,0]},"meta":{"lastBranch":9,"lastFunction":1,"lastStatement":30,"seen":{"s:7:6:7:Infinity":0,"s:10:28:10:Infinity":1,"s:13:21:13:Infinity":2,"s:18:0:89:Infinity":3,"f:18:40:18:47":0,"s:19:2:88:Infinity":4,"s:21:32:21:Infinity":5,"s:24:31:24:Infinity":6,"b:27:4:29:Infinity:undefined:undefined:undefined:undefined":0,"s:27:4:29:Infinity":7,"b:27:8:27:18:27:18:27:30:27:30:27:44:27:44:27:Infinity":1,"s:29:6:29:Infinity":8,"s:32:20:32:Infinity":9,"b:35:4:37:Infinity:undefined:undefined:undefined:undefined":2,"s:35:4:37:Infinity":10,"s:37:6:37:Infinity":11,"s:40:4:40:Infinity":12,"s:43:24:43:Infinity":13,"b:46:4:48:Infinity:undefined:undefined:undefined:undefined":3,"s:46:4:48:Infinity":14,"s:48:6:48:Infinity":15,"b:51:4:53:Infinity:undefined:undefined:undefined:undefined":4,"s:51:4:53:Infinity":16,"s:53:6:53:Infinity":17,"b:56:4:58:Infinity:undefined:undefined:undefined:undefined":5,"s:56:4:58:Infinity":18,"s:58:6:58:Infinity":19,"s:61:19:61:Infinity":20,"b:64:4:69:Infinity:69:6:69:Infinity":6,"s:64:4:69:Infinity":21,"s:66:6:66:Infinity":22,"s:69:6:69:Infinity":23,"s:72:4:72:Infinity":24,"s:75:4:75:Infinity":25,"s:78:32:78:Infinity":26,"s:81:22:81:Infinity":27,"b:84:4:87:Infinity:undefined:undefined:undefined:undefined":7,"s:84:4:87:Infinity":28,"b:84:8:84:17:84:17:84:41":8,"s:86:6:86:Infinity":29}}}
,"/home/runner/work/Image-Watcher/Image-Watcher/src/api/index.ts": {"path":"/home/runner/work/Image-Watcher/Image-Watcher/src/api/index.ts","statementMap":{"0":{"start":{"line":5,"column":6},"end":{"line":5,"column":null}},"1":{"start":{"line":8,"column":0},"end":{"line":8,"column":null}}},"fnMap":{},"branchMap":{},"s":{"0":1,"1":1},"f":{},"b":{},"meta":{"lastBranch":0,"lastFunction":0,"lastStatement":2,"seen":{"s:5:6:5:Infinity":0,"s:8:0:8:Infinity":1}}}
,"/home/runner/work/Image-Watcher/Image-Watcher/src/core/logger.ts": {"path":"/home/runner/work/Image-Watcher/Image-Watcher/src/core/logger.ts","statementMap":{"0":{"start":{"line":5,"column":38},"end":{"line":5,"column":null}},"1":{"start":{"line":8,"column":65},"end":{"line":8,"column":null}},"2":{"start":{"line":11,"column":17},"end":{"line":11,"column":null}},"3":{"start":{"line":14,"column":21},"end":{"line":14,"column":null}},"4":{"start":{"line":17,"column":12},"end":{"line":17,"column":null}},"5":{"start":{"line":20,"column":6},"end":{"line":59,"column":null}},"6":{"start":{"line":53,"column":6},"end":{"line":56,"column":null}},"7":{"start":{"line":66,"column":23},"end":{"line":66,"column":null}},"8":{"start":{"line":69,"column":2},"end":{"line":69,"column":null}}},"fnMap":{"0":{"name":"(anonymous_0)","decl":{"start":{"line":52,"column":10},"end":{"line":52,"column":11}},"loc":{"start":{"line":52,"column":20},"end":{"line":57,"column":null}},"line":52},"1":{"name":"createLogger","decl":{"start":{"line":64,"column":24},"end":{"line":64,"column":37}},"loc":{"start":{"line":64,"column":74},"end":{"line":70,"column":null}},"line":64}},"branchMap":{"0":{"loc":{"start":{"line":5,"column":38},"end":{"line":5,"column":null}},"type":"cond-expr","locations":[{"start":{"line":5,"column":117},"end":{"line":5,"column":170}},{"start":{"line":5,"column":170},"end":{"line":5,"column":null}}],"line":5},"1":{"loc":{"start":{"line":5,"column":38},"end":{"line":5,"column":117}},"type":"binary-expr","locations":[{"start":{"line":5,"column":38},"end":{"line":5,"column":56}},{"start":{"line":5,"column":56},"end":{"line":5,"column":117}}],"line":5},"2":{"loc":{"start":{"line":8,"column":65},"end":{"line":8,"column":null}},"type":"cond-expr","locations":[{"start":{"line":8,"column":167},"end":{"line":8,"column":247}},{"start":{"line":8,"column":247},"end":{"line":8,"column":null}}],"line":8},"3":{"loc":{"start":{"line":8,"column":65},"end":{"line":8,"column":167}},"type":"binary-expr","locations":[{"start":{"line":8,"column":65},"end":{"line":8,"column":82}},{"start":{"line":8,"column":82},"end":{"line":8,"column":167}}],"line":8},"4":{"loc":{"start":{"line":11,"column":17},"end":{"line":11,"column":null}},"type":"binary-expr","locations":[{"start":{"line":11,"column":17},"end":{"line":11,"column":33}},{"start":{"line":11,"column":33},"end":{"line":11,"column":null}}],"line":11},"5":{"loc":{"start":{"line":14,"column":21},"end":{"line":14,"column":null}},"type":"binary-expr","locations":[{"start":{"line":14,"column":21},"end":{"line":14,"column":52}},{"start":{"line":14,"column":52},"end":{"line":14,"column":null}}],"line":14},"6":{"loc":{"start":{"line":17,"column":12},"end":{"line":17,"column":null}},"type":"binary-expr","locations":[{"start":{"line":17,"column":12},"end":{"line":17,"column":28}},{"start":{"line":17,"column":28},"end":{"line":17,"column":null}}],"line":17},"7":{"loc":{"start":{"line":25,"column":6},"end":{"line":33,"column":null}},"type":"binary-expr","locations":[{"start":{"line":25,"column":6},"end":{"line":25,"column":33}},{"start":{"line":25,"column":33},"end":{"line":33,"column":null}}],"line":25},"8":{"loc":{"start":{"line":30,"column":25},"end":{"line":30,"column":null}},"type":"cond-expr","locations":[{"start":{"line":30,"column":49},"end":{"line":30,"column":66}},{"start":{"line":30,"column":66},"end":{"line":30,"column":null}}],"line":30},"9":{"loc":{"start":{"line":34,"column":6},"end":{"line":39,"column":null}},"type":"binary-expr","locations":[{"start":{"line":34,"column":6},"end":{"line":34,"column":31}},{"start":{"line":34,"column":31},"end":{"line":39,"column":null}}],"line":34},"10":{"loc":{"start":{"line":40,"column":6},"end":{"line":45,"column":null}},"type":"binary-expr","locations":[{"start":{"line":40,"column":6},"end":{"line":40,"column":22}},{"start":{"line":40,"column":22},"end":{"line":45,"column":null}}],"line":40},"11":{"loc":{"start":{"line":66,"column":23},"end":{"line":66,"column":null}},"type":"binary-expr","locations":[{"start":{"line":66,"column":23},"end":{"line":66,"column":65}},{"start":{"line":66,"column":65},"end":{"line":66,"column":null}}],"line":66}},"s":{"0":7,"1":7,"2":7,"3":7,"4":7,"5":7,"6":0,"7":18,"8":18},"f":{"0":0,"1":18},"b":{"0":[0,7],"1":[7,0],"2":[0,7],"3":[7,0],"4":[7,7],"5":[7,7],"6":[7,0],"7":[7,7],"8":[0,7],"9":[7,0],"10":[7,0],"11":[18,0]},"meta":{"lastBranch":12,"lastFunction":2,"lastStatement":9,"seen":{"s:5:38:5:Infinity":0,"b:5:117:5:170:5:170:5:Infinity":0,"b:5:38:5:56:5:56:5:117":1,"s:8:65:8:Infinity":1,"b:8:167:8:247:8:247:8:Infinity":2,"b:8:65:8:82:8:82:8:167":3,"s:11:17:11:Infinity":2,"b:11:17:11:33:11:33:11:Infinity":4,"s:14:21:14:Infinity":3,"b:14:21:14:52:14:52:14:Infinity":5,"s:17:12:17:Infinity":4,"b:17:12:17:28:17:28:17:Infinity":6,"s:20:6:59:Infinity":5,"b:25:6:25:33:25:33:33:Infinity":7,"b:30:49:30:66:30:66:30:Infinity":8,"b:34:6:34:31:34:31:39:Infinity":9,"b:40:6:40:22:40:22:45:Infinity":10,"f:52:10:52:11":0,"s:53:6:56:Infinity":6,"f:64:24:64:37":1,"s:66:23:66:Infinity":7,"b:66:23:66:65:66:65:66:Infinity":11,"s:69:2:69:Infinity":8}}}
,"/home/runner/work/Image-Watcher/Image-Watcher/src/service/ai/ai.service.ts": {"path":"/home/runner/work/Image-Watcher/Image-Watcher/src/service/ai/ai.service.ts","statementMap":{"0":{"start":{"line":9,"column":6},"end":{"line":9,"column":null}},"1":{"start":{"line":16,"column":7},"end":{"line":207,"column":null}},"2":{"start":{"line":18,"column":59},"end":{"line":18,"column":null}},"3":{"start":{"line":25,"column":4},"end":{"line":25,"column":null}},"4":{"start":{"line":28,"column":4},"end":{"line":28,"column":null}},"5":{"start":{"line":36,"column":4},"end":{"line":36,"column":null}},"6":{"start":{"line":39,"column":4},"end":{"line":51,"column":null}},"7":{"start":{"line":41,"column":6},"end":{"line":50,"column":null}},"8":{"start":{"line":43,"column":8},"end":{"line":43,"column":null}},"9":{"start":{"line":46,"column":8},"end":{"line":46,"column":null}},"10":{"start":{"line":49,"column":8},"end":{"line":49,"column":null}},"11":{"start":{"line":54,"column":4},"end":{"line":59,"column":null}},"12":{"start":{"line":56,"column":6},"end":{"line":56,"column":null}},"13":{"start":{"line":59,"column":6},"end":{"line":59,"column":null}},"14":{"start":{"line":67,"column":4},"end":{"line":69,"column":null}},"15":{"start":{"line":69,"column":6},"end":{"line":69,"column":null}},"16":{"start":{"line":72,"column":4},"end":{"line":74,"column":null}},"17":{"start":{"line":74,"column":6},"end":{"line":74,"column":null}},"18":{"start":{"line":77,"column":4},"end":{"line":77,"column":null}},"19":{"start":{"line":85,"column":21},"end":{"line":85,"column":null}},"20":{"start":{"line":88,"column":4},"end":{"line":94,"column":null}},"21":{"start":{"line":90,"column":6},"end":{"line":90,"column":null}},"22":{"start":{"line":93,"column":6},"end":{"line":93,"column":null}},"23":{"start":{"line":97,"column":4},"end":{"line":97,"column":null}},"24":{"start":{"line":99,"column":4},"end":{"line":114,"column":null}},"25":{"start":{"line":101,"column":21},"end":{"line":101,"column":null}},"26":{"start":{"line":104,"column":6},"end":{"line":104,"column":null}},"27":{"start":{"line":107,"column":6},"end":{"line":107,"column":null}},"28":{"start":{"line":110,"column":6},"end":{"line":110,"column":null}},"29":{"start":{"line":113,"column":6},"end":{"line":113,"column":null}},"30":{"start":{"line":122,"column":21},"end":{"line":122,"column":null}},"31":{"start":{"line":125,"column":4},"end":{"line":131,"column":null}},"32":{"start":{"line":127,"column":6},"end":{"line":127,"column":null}},"33":{"start":{"line":130,"column":6},"end":{"line":130,"column":null}},"34":{"start":{"line":134,"column":34},"end":{"line":137,"column":null}},"35":{"start":{"line":140,"column":4},"end":{"line":140,"column":null}},"36":{"start":{"line":143,"column":4},"end":{"line":158,"column":null}},"37":{"start":{"line":145,"column":21},"end":{"line":145,"column":null}},"38":{"start":{"line":148,"column":6},"end":{"line":148,"column":null}},"39":{"start":{"line":151,"column":6},"end":{"line":151,"column":null}},"40":{"start":{"line":154,"column":6},"end":{"line":154,"column":null}},"41":{"start":{"line":157,"column":6},"end":{"line":157,"column":null}},"42":{"start":{"line":164,"column":21},"end":{"line":164,"column":null}},"43":{"start":{"line":167,"column":4},"end":{"line":173,"column":null}},"44":{"start":{"line":169,"column":6},"end":{"line":169,"column":null}},"45":{"start":{"line":172,"column":6},"end":{"line":172,"column":null}},"46":{"start":{"line":175,"column":4},"end":{"line":175,"column":null}},"47":{"start":{"line":177,"column":4},"end":{"line":192,"column":null}},"48":{"start":{"line":179,"column":21},"end":{"line":179,"column":null}},"49":{"start":{"line":182,"column":6},"end":{"line":182,"column":null}},"50":{"start":{"line":185,"column":6},"end":{"line":185,"column":null}},"51":{"start":{"line":188,"column":6},"end":{"line":188,"column":null}},"52":{"start":{"line":191,"column":6},"end":{"line":191,"column":null}},"53":{"start":{"line":199,"column":4},"end":{"line":205,"column":null}},"54":{"start":{"line":16,"column":13},"end":{"line":16,"column":31}}},"fnMap":{"0":{"name":"(anonymous_0)","decl":{"start":{"line":23,"column":2},"end":{"line":23,"column":15}},"loc":{"start":{"line":23,"column":67},"end":{"line":29,"column":null}},"line":23},"1":{"name":"(anonymous_1)","decl":{"start":{"line":34,"column":12},"end":{"line":34,"column":32}},"loc":{"start":{"line":34,"column":64},"end":{"line":60,"column":null}},"line":34},"2":{"name":"(anonymous_2)","decl":{"start":{"line":65,"column":12},"end":{"line":65,"column":24}},"loc":{"start":{"line":65,"column":64},"end":{"line":78,"column":null}},"line":65},"3":{"name":"(anonymous_3)","decl":{"start":{"line":83,"column":8},"end":{"line":83,"column":13}},"loc":{"start":{"line":83,"column":105},"end":{"line":115,"column":null}},"line":83},"4":{"name":"(anonymous_4)","decl":{"start":{"line":120,"column":8},"end":{"line":120,"column":12}},"loc":{"start":{"line":120,"column":120},"end":{"line":159,"column":null}},"line":120},"5":{"name":"(anonymous_5)","decl":{"start":{"line":162,"column":8},"end":{"line":162,"column":19}},"loc":{"start":{"line":162,"column":62},"end":{"line":193,"column":null}},"line":162},"6":{"name":"(anonymous_6)","decl":{"start":{"line":198,"column":9},"end":{"line":198,"column":24}},"loc":{"start":{"line":198,"column":44},"end":{"line":206,"column":null}},"line":198}},"branchMap":{"0":{"loc":{"start":{"line":41,"column":6},"end":{"line":50,"column":null}},"type":"if","locations":[{"start":{"line":41,"column":6},"end":{"line":50,"column":null}},{"start":{"line":47,"column":13},"end":{"line":50,"column":null}}],"line":41},"1":{"loc":{"start":{"line":54,"column":4},"end":{"line":59,"column":null}},"type":"if","locations":[{"start":{"line":54,"column":4},"end":{"line":59,"column":null}},{"start":{"line":59,"column":6},"end":{"line":59,"column":null}}],"line":54},"2":{"loc":{"start":{"line":67,"column":4},"end":{"line":69,"column":null}},"type":"if","locations":[{"start":{"line":67,"column":4},"end":{"line":69,"column":null}},{"start":{},"end":{}}],"line":67},"3":{"loc":{"start":{"line":72,"column":4},"end":{"line":74,"column":null}},"type":"if","locations":[{"start":{"line":72,"column":4},"end":{"line":74,"column":null}},{"start":{},"end":{}}],"line":72},"4":{"loc":{"start":{"line":88,"column":4},"end":{"line":94,"column":null}},"type":"if","locations":[{"start":{"line":88,"column":4},"end":{"line":94,"column":null}},{"start":{},"end":{}}],"line":88},"5":{"loc":{"start":{"line":125,"column":4},"end":{"line":131,"column":null}},"type":"if","locations":[{"start":{"line":125,"column":4},"end":{"line":131,"column":null}},{"start":{},"end":{}}],"line":125},"6":{"loc":{"start":{"line":167,"column":4},"end":{"line":173,"column":null}},"type":"if","locations":[{"start":{"line":167,"column":4},"end":{"line":173,"column":null}},{"start":{},"end":{}}],"line":167}},"s":{"0":3,"1":3,"2":30,"3":30,"4":30,"5":31,"6":31,"7":32,"8":29,"9":29,"10":3,"11":31,"12":3,"13":28,"14":21,"15":7,"16":14,"17":14,"18":10,"19":6,"20":6,"21":2,"22":2,"23":4,"24":4,"25":4,"26":3,"27":3,"28":1,"29":1,"30":6,"31":6,"32":2,"33":2,"34":4,"35":4,"36":4,"37":4,"38":3,"39":3,"40":1,"41":1,"42":5,"43":5,"44":2,"45":2,"46":3,"47":3,"48":3,"49":2,"50":2,"51":1,"52":1,"53":5,"54":3},"f":{"0":30,"1":31,"2":21,"3":6,"4":6,"5":5,"6":5},"b":{"0":[29,3],"1":[3,28],"2":[7,14],"3":[4,10],"4":[2,4],"5":[2,4],"6":[2,3]},"meta":{"lastBranch":7,"lastFunction":7,"lastStatement":55,"seen":{"s:9:6:9:Infinity":0,"s:16:7:207:Infinity":1,"s:18:59:18:Infinity":2,"f:23:2:23:15":0,"s:25:4:25:Infinity":3,"s:28:4:28:Infinity":4,"f:34:12:34:32":1,"s:36:4:36:Infinity":5,"s:39:4:51:Infinity":6,"b:41:6:50:Infinity:47:13:50:Infinity":0,"s:41:6:50:Infinity":7,"s:43:8:43:Infinity":8,"s:46:8:46:Infinity":9,"s:49:8:49:Infinity":10,"b:54:4:59:Infinity:59:6:59:Infinity":1,"s:54:4:59:Infinity":11,"s:56:6:56:Infinity":12,"s:59:6:59:Infinity":13,"f:65:12:65:24":2,"b:67:4:69:Infinity:undefined:undefined:undefined:undefined":2,"s:67:4:69:Infinity":14,"s:69:6:69:Infinity":15,"b:72:4:74:Infinity:undefined:undefined:undefined:undefined":3,"s:72:4:74:Infinity":16,"s:74:6:74:Infinity":17,"s:77:4:77:Infinity":18,"f:83:8:83:13":3,"s:85:21:85:Infinity":19,"b:88:4:94:Infinity:undefined:undefined:undefined:undefined":4,"s:88:4:94:Infinity":20,"s:90:6:90:Infinity":21,"s:93:6:93:Infinity":22,"s:97:4:97:Infinity":23,"s:99:4:114:Infinity":24,"s:101:21:101:Infinity":25,"s:104:6:104:Infinity":26,"s:107:6:107:Infinity":27,"s:110:6:110:Infinity":28,"s:113:6:113:Infinity":29,"f:120:8:120:12":4,"s:122:21:122:Infinity":30,"b:125:4:131:Infinity:undefined:undefined:undefined:undefined":5,"s:125:4:131:Infinity":31,"s:127:6:127:Infinity":32,"s:130:6:130:Infinity":33,"s:134:34:137:Infinity":34,"s:140:4:140:Infinity":35,"s:143:4:158:Infinity":36,"s:145:21:145:Infinity":37,"s:148:6:148:Infinity":38,"s:151:6:151:Infinity":39,"s:154:6:154:Infinity":40,"s:157:6:157:Infinity":41,"f:162:8:162:19":5,"s:164:21:164:Infinity":42,"b:167:4:173:Infinity:undefined:undefined:undefined:undefined":6,"s:167:4:173:Infinity":43,"s:169:6:169:Infinity":44,"s:172:6:172:Infinity":45,"s:175:4:175:Infinity":46,"s:177:4:192:Infinity":47,"s:179:21:179:Infinity":48,"s:182:6:182:Infinity":49,"s:185:6:185:Infinity":50,"s:188:6:188:Infinity":51,"s:191:6:191:Infinity":52,"f:198:9:198:24":6,"s:199:4:205:Infinity":53,"s:16:13:16:31":54}}}
,"/home/runner/work/Image-Watcher/Image-Watcher/src/service/ai/domain/i-ai.ts": {"path":"/home/runner/work/Image-Watcher/Image-Watcher/src/service/ai/domain/i-ai.ts","statementMap":{},"fnMap":{},"branchMap":{},"s":{},"f":{},"b":{},"meta":{"lastBranch":0,"lastFunction":0,"lastStatement":0,"seen":{}}}
,"/home/runner/work/Image-Watcher/Image-Watcher/src/service/ai/prompts/release-note.ts": {"path":"/home/runner/work/Image-Watcher/Image-Watcher/src/service/ai/prompts/release-note.ts","statementMap":{"0":{"start":{"line":1,"column":36},"end":{"line":40,"column":1}}},"fnMap":{},"branchMap":{},"s":{"0":2},"f":{},"b":{},"meta":{"lastBranch":0,"lastFunction":0,"lastStatement":1,"seen":{"s:1:36:40:1":0}}}
,"/home/runner/work/Image-Watcher/Image-Watcher/src/service/image-watcher/image-watcher.service.ts": {"path":"/home/runner/work/Image-Watcher/Image-Watcher/src/service/image-watcher/image-watcher.service.ts","statementMap":{"0":{"start":{"line":18,"column":6},"end":{"line":18,"column":null}},"1":{"start":{"line":25,"column":7},"end":{"line":490,"column":null}},"2":{"start":{"line":27,"column":68},"end":{"line":94,"column":null}},"3":{"start":{"line":100,"column":37},"end":{"line":100,"column":null}},"4":{"start":{"line":101,"column":41},"end":{"line":101,"column":null}},"5":{"start":{"line":102,"column":41},"end":{"line":102,"column":null}},"6":{"start":{"line":103,"column":31},"end":{"line":103,"column":null}},"7":{"start":{"line":104,"column":36},"end":{"line":104,"column":null}},"8":{"start":{"line":112,"column":16},"end":{"line":112,"column":null}},"9":{"start":{"line":115,"column":4},"end":{"line":117,"column":null}},"10":{"start":{"line":117,"column":6},"end":{"line":117,"column":null}},"11":{"start":{"line":120,"column":4},"end":{"line":120,"column":null}},"12":{"start":{"line":128,"column":23},"end":{"line":128,"column":null}},"13":{"start":{"line":131,"column":27},"end":{"line":131,"column":null}},"14":{"start":{"line":134,"column":4},"end":{"line":134,"column":null}},"15":{"start":{"line":135,"column":4},"end":{"line":135,"column":null}},"16":{"start":{"line":136,"column":4},"end":{"line":136,"column":null}},"17":{"start":{"line":137,"column":4},"end":{"line":137,"column":null}},"18":{"start":{"line":140,"column":4},"end":{"line":140,"column":null}},"19":{"start":{"line":143,"column":22},"end":{"line":143,"column":null}},"20":{"start":{"line":146,"column":20},"end":{"line":146,"column":null}},"21":{"start":{"line":149,"column":4},"end":{"line":165,"column":null}},"22":{"start":{"line":151,"column":6},"end":{"line":151,"column":null}},"23":{"start":{"line":154,"column":6},"end":{"line":156,"column":null}},"24":{"start":{"line":159,"column":6},"end":{"line":159,"column":null}},"25":{"start":{"line":162,"column":6},"end":{"line":164,"column":null}},"26":{"start":{"line":167,"column":4},"end":{"line":167,"column":null}},"27":{"start":{"line":175,"column":4},"end":{"line":175,"column":null}},"28":{"start":{"line":178,"column":43},"end":{"line":178,"column":null}},"29":{"start":{"line":181,"column":4},"end":{"line":186,"column":null}},"30":{"start":{"line":183,"column":6},"end":{"line":185,"column":null}},"31":{"start":{"line":183,"column":51},"end":{"line":183,"column":78}},"32":{"start":{"line":185,"column":8},"end":{"line":185,"column":null}},"33":{"start":{"line":189,"column":4},"end":{"line":189,"column":null}},"34":{"start":{"line":196,"column":4},"end":{"line":300,"column":null}},"35":{"start":{"line":197,"column":46},"end":{"line":197,"column":null}},"36":{"start":{"line":201,"column":6},"end":{"line":201,"column":null}},"37":{"start":{"line":204,"column":6},"end":{"line":206,"column":null}},"38":{"start":{"line":206,"column":8},"end":{"line":206,"column":null}},"39":{"start":{"line":209,"column":24},"end":{"line":209,"column":null}},"40":{"start":{"line":212,"column":29},"end":{"line":212,"column":null}},"41":{"start":{"line":215,"column":25},"end":{"line":215,"column":null}},"42":{"start":{"line":215,"column":92},"end":{"line":215,"column":99}},"43":{"start":{"line":218,"column":6},"end":{"line":230,"column":null}},"44":{"start":{"line":220,"column":8},"end":{"line":220,"column":null}},"45":{"start":{"line":221,"column":6},"end":{"line":230,"column":null}},"46":{"start":{"line":223,"column":8},"end":{"line":223,"column":null}},"47":{"start":{"line":224,"column":6},"end":{"line":230,"column":null}},"48":{"start":{"line":226,"column":8},"end":{"line":226,"column":null}},"49":{"start":{"line":227,"column":6},"end":{"line":230,"column":null}},"50":{"start":{"line":229,"column":8},"end":{"line":229,"column":null}},"51":{"start":{"line":233,"column":6},"end":{"line":241,"column":null}},"52":{"start":{"line":235,"column":8},"end":{"line":235,"column":null}},"53":{"start":{"line":238,"column":8},"end":{"line":238,"column":null}},"54":{"start":{"line":241,"column":8},"end":{"line":241,"column":null}},"55":{"start":{"line":241,"column":160},"end":{"line":241,"column":170}},"56":{"start":{"line":244,"column":34},"end":{"line":244,"column":null}},"57":{"start":{"line":247,"column":6},"end":{"line":296,"column":null}},"58":{"start":{"line":249,"column":8},"end":{"line":249,"column":null}},"59":{"start":{"line":252,"column":26},"end":{"line":252,"column":null}},"60":{"start":{"line":252,"column":119},"end":{"line":252,"column":131}},"61":{"start":{"line":255,"column":8},"end":{"line":257,"column":null}},"62":{"start":{"line":260,"column":8},"end":{"line":260,"column":null}},"63":{"start":{"line":261,"column":6},"end":{"line":296,"column":null}},"64":{"start":{"line":263,"column":42},"end":{"line":263,"column":null}},"65":{"start":{"line":266,"column":8},"end":{"line":295,"column":null}},"66":{"start":{"line":268,"column":28},"end":{"line":268,"column":null}},"67":{"start":{"line":268,"column":120},"end":{"line":268,"column":132}},"68":{"start":{"line":271,"column":33},"end":{"line":271,"column":null}},"69":{"start":{"line":273,"column":10},"end":{"line":273,"column":null}},"70":{"start":{"line":274,"column":10},"end":{"line":274,"column":null}},"71":{"start":{"line":275,"column":10},"end":{"line":275,"column":null}},"72":{"start":{"line":276,"column":10},"end":{"line":276,"column":null}},"73":{"start":{"line":279,"column":26},"end":{"line":279,"column":null}},"74":{"start":{"line":282,"column":10},"end":{"line":292,"column":null}},"75":{"start":{"line":284,"column":31},"end":{"line":284,"column":null}},"76":{"start":{"line":287,"column":12},"end":{"line":289,"column":null}},"77":{"start":{"line":292,"column":12},"end":{"line":292,"column":null}},"78":{"start":{"line":295,"column":10},"end":{"line":295,"column":null}},"79":{"start":{"line":299,"column":6},"end":{"line":299,"column":null}},"80":{"start":{"line":307,"column":4},"end":{"line":343,"column":null}},"81":{"start":{"line":309,"column":28},"end":{"line":321,"column":null}},"82":{"start":{"line":313,"column":26},"end":{"line":316,"column":null}},"83":{"start":{"line":319,"column":10},"end":{"line":319,"column":null}},"84":{"start":{"line":324,"column":30},"end":{"line":334,"column":null}},"85":{"start":{"line":328,"column":30},"end":{"line":328,"column":null}},"86":{"start":{"line":328,"column":102},"end":{"line":328,"column":113}},"87":{"start":{"line":331,"column":10},"end":{"line":331,"column":null}},"88":{"start":{"line":336,"column":6},"end":{"line":336,"column":null}},"89":{"start":{"line":339,"column":6},"end":{"line":339,"column":null}},"90":{"start":{"line":342,"column":6},"end":{"line":342,"column":null}},"91":{"start":{"line":351,"column":4},"end":{"line":400,"column":null}},"92":{"start":{"line":353,"column":6},"end":{"line":353,"column":null}},"93":{"start":{"line":356,"column":31},"end":{"line":356,"column":null}},"94":{"start":{"line":359,"column":6},"end":{"line":361,"column":null}},"95":{"start":{"line":361,"column":8},"end":{"line":361,"column":null}},"96":{"start":{"line":364,"column":27},"end":{"line":364,"column":null}},"97":{"start":{"line":364,"column":51},"end":{"line":364,"column":102}},"98":{"start":{"line":367,"column":6},"end":{"line":372,"column":null}},"99":{"start":{"line":369,"column":8},"end":{"line":369,"column":null}},"100":{"start":{"line":369,"column":15},"end":{"line":372,"column":null}},"101":{"start":{"line":372,"column":8},"end":{"line":372,"column":null}},"102":{"start":{"line":375,"column":25},"end":{"line":375,"column":null}},"103":{"start":{"line":375,"column":46},"end":{"line":375,"column":67}},"104":{"start":{"line":378,"column":6},"end":{"line":383,"column":null}},"105":{"start":{"line":380,"column":8},"end":{"line":380,"column":null}},"106":{"start":{"line":380,"column":15},"end":{"line":383,"column":null}},"107":{"start":{"line":383,"column":8},"end":{"line":383,"column":null}},"108":{"start":{"line":386,"column":25},"end":{"line":396,"column":null}},"109":{"start":{"line":387,"column":22},"end":{"line":387,"column":null}},"110":{"start":{"line":388,"column":22},"end":{"line":388,"column":null}},"111":{"start":{"line":391,"column":8},"end":{"line":391,"column":null}},"112":{"start":{"line":391,"column":48},"end":{"line":391,"column":null}},"113":{"start":{"line":392,"column":8},"end":{"line":392,"column":null}},"114":{"start":{"line":392,"column":48},"end":{"line":392,"column":null}},"115":{"start":{"line":395,"column":8},"end":{"line":395,"column":null}},"116":{"start":{"line":399,"column":6},"end":{"line":399,"column":null}},"117":{"start":{"line":407,"column":24},"end":{"line":407,"column":null}},"118":{"start":{"line":408,"column":4},"end":{"line":412,"column":null}},"119":{"start":{"line":420,"column":4},"end":{"line":420,"column":null}},"120":{"start":{"line":420,"column":53},"end":{"line":420,"column":94}},"121":{"start":{"line":428,"column":4},"end":{"line":440,"column":null}},"122":{"start":{"line":450,"column":17},"end":{"line":450,"column":null}},"123":{"start":{"line":453,"column":22},"end":{"line":453,"column":null}},"124":{"start":{"line":456,"column":4},"end":{"line":461,"column":null}},"125":{"start":{"line":458,"column":6},"end":{"line":458,"column":null}},"126":{"start":{"line":461,"column":6},"end":{"line":461,"column":null}},"127":{"start":{"line":464,"column":4},"end":{"line":466,"column":null}},"128":{"start":{"line":466,"column":6},"end":{"line":466,"column":null}},"129":{"start":{"line":469,"column":4},"end":{"line":485,"column":null}},"130":{"start":{"line":471,"column":20},"end":{"line":471,"column":null}},"131":{"start":{"line":473,"column":6},"end":{"line":476,"column":null}},"132":{"start":{"line":475,"column":8},"end":{"line":475,"column":null}},"133":{"start":{"line":478,"column":6},"end":{"line":481,"column":null}},"134":{"start":{"line":480,"column":8},"end":{"line":480,"column":null}},"135":{"start":{"line":484,"column":6},"end":{"line":484,"column":null}},"136":{"start":{"line":488,"column":4},"end":{"line":488,"column":null}},"137":{"start":{"line":25,"column":13},"end":{"line":25,"column":33}}},"fnMap":{"0":{"name":"(anonymous_0)","decl":{"start":{"line":99,"column":2},"end":{"line":99,"column":null}},"loc":{"start":{"line":105,"column":4},"end":{"line":105,"column":null}},"line":105},"1":{"name":"(anonymous_1)","decl":{"start":{"line":110,"column":8},"end":{"line":110,"column":24}},"loc":{"start":{"line":110,"column":86},"end":{"line":121,"column":null}},"line":110},"2":{"name":"(anonymous_2)","decl":{"start":{"line":126,"column":8},"end":{"line":126,"column":27}},"loc":{"start":{"line":126,"column":99},"end":{"line":168,"column":null}},"line":126},"3":{"name":"(anonymous_3)","decl":{"start":{"line":173,"column":8},"end":{"line":173,"column":45}},"loc":{"start":{"line":173,"column":45},"end":{"line":190,"column":null}},"line":173},"4":{"name":"(anonymous_4)","decl":{"start":{"line":183,"column":44},"end":{"line":183,"column":45}},"loc":{"start":{"line":183,"column":51},"end":{"line":183,"column":78}},"line":183},"5":{"name":"(anonymous_5)","decl":{"start":{"line":195,"column":8},"end":{"line":195,"column":27}},"loc":{"start":{"line":195,"column":71},"end":{"line":301,"column":null}},"line":195},"6":{"name":"(anonymous_6)","decl":{"start":{"line":215,"column":83},"end":{"line":215,"column":84}},"loc":{"start":{"line":215,"column":92},"end":{"line":215,"column":99}},"line":215},"7":{"name":"(anonymous_7)","decl":{"start":{"line":241,"column":153},"end":{"line":241,"column":154}},"loc":{"start":{"line":241,"column":160},"end":{"line":241,"column":170}},"line":241},"8":{"name":"(anonymous_8)","decl":{"start":{"line":252,"column":110},"end":{"line":252,"column":111}},"loc":{"start":{"line":252,"column":119},"end":{"line":252,"column":131}},"line":252},"9":{"name":"(anonymous_9)","decl":{"start":{"line":268,"column":111},"end":{"line":268,"column":112}},"loc":{"start":{"line":268,"column":120},"end":{"line":268,"column":132}},"line":268},"10":{"name":"(anonymous_10)","decl":{"start":{"line":306,"column":16},"end":{"line":306,"column":31}},"loc":{"start":{"line":306,"column":119},"end":{"line":344,"column":null}},"line":306},"11":{"name":"(anonymous_11)","decl":{"start":{"line":311,"column":17},"end":{"line":311,"column":24}},"loc":{"start":{"line":311,"column":32},"end":{"line":320,"column":9}},"line":311},"12":{"name":"(anonymous_12)","decl":{"start":{"line":326,"column":26},"end":{"line":326,"column":33}},"loc":{"start":{"line":326,"column":39},"end":{"line":333,"column":9}},"line":326},"13":{"name":"(anonymous_13)","decl":{"start":{"line":328,"column":96},"end":{"line":328,"column":102}},"loc":{"start":{"line":328,"column":102},"end":{"line":328,"column":113}},"line":328},"14":{"name":"(anonymous_14)","decl":{"start":{"line":349,"column":16},"end":{"line":349,"column":34}},"loc":{"start":{"line":349,"column":131},"end":{"line":401,"column":null}},"line":349},"15":{"name":"(anonymous_15)","decl":{"start":{"line":364,"column":44},"end":{"line":364,"column":45}},"loc":{"start":{"line":364,"column":51},"end":{"line":364,"column":102}},"line":364},"16":{"name":"(anonymous_16)","decl":{"start":{"line":375,"column":45},"end":{"line":375,"column":46}},"loc":{"start":{"line":375,"column":46},"end":{"line":375,"column":67}},"line":375},"17":{"name":"(anonymous_17)","decl":{"start":{"line":386,"column":41},"end":{"line":386,"column":42}},"loc":{"start":{"line":386,"column":51},"end":{"line":396,"column":7}},"line":386},"18":{"name":"(anonymous_18)","decl":{"start":{"line":406,"column":10},"end":{"line":406,"column":31}},"loc":{"start":{"line":406,"column":80},"end":{"line":413,"column":null}},"line":406},"19":{"name":"(anonymous_19)","decl":{"start":{"line":418,"column":10},"end":{"line":418,"column":26}},"loc":{"start":{"line":418,"column":77},"end":{"line":421,"column":null}},"line":418},"20":{"name":"(anonymous_20)","decl":{"start":{"line":420,"column":46},"end":{"line":420,"column":47}},"loc":{"start":{"line":420,"column":53},"end":{"line":420,"column":94}},"line":420},"21":{"name":"(anonymous_21)","decl":{"start":{"line":426,"column":10},"end":{"line":426,"column":25}},"loc":{"start":{"line":426,"column":90},"end":{"line":441,"column":null}},"line":426},"22":{"name":"(anonymous_22)","decl":{"start":{"line":446,"column":10},"end":{"line":446,"column":26}},"loc":{"start":{"line":446,"column":118},"end":{"line":489,"column":null}},"line":446}},"branchMap":{"0":{"loc":{"start":{"line":115,"column":4},"end":{"line":117,"column":null}},"type":"if","locations":[{"start":{"line":115,"column":4},"end":{"line":117,"column":null}},{"start":{},"end":{}}],"line":115},"1":{"loc":{"start":{"line":149,"column":4},"end":{"line":165,"column":null}},"type":"if","locations":[{"start":{"line":149,"column":4},"end":{"line":165,"column":null}},{"start":{"line":157,"column":11},"end":{"line":165,"column":null}}],"line":149},"2":{"loc":{"start":{"line":183,"column":6},"end":{"line":185,"column":null}},"type":"if","locations":[{"start":{"line":183,"column":6},"end":{"line":185,"column":null}},{"start":{},"end":{}}],"line":183},"3":{"loc":{"start":{"line":204,"column":6},"end":{"line":206,"column":null}},"type":"if","locations":[{"start":{"line":204,"column":6},"end":{"line":206,"column":null}},{"start":{},"end":{}}],"line":204},"4":{"loc":{"start":{"line":204,"column":10},"end":{"line":204,"column":null}},"type":"binary-expr","locations":[{"start":{"line":204,"column":10},"end":{"line":204,"column":85}},{"start":{"line":204,"column":85},"end":{"line":204,"column":null}}],"line":204},"5":{"loc":{"start":{"line":218,"column":6},"end":{"line":230,"column":null}},"type":"if","locations":[{"start":{"line":218,"column":6},"end":{"line":230,"column":null}},{"start":{"line":221,"column":6},"end":{"line":230,"column":null}}],"line":218},"6":{"loc":{"start":{"line":221,"column":6},"end":{"line":230,"column":null}},"type":"if","locations":[{"start":{"line":221,"column":6},"end":{"line":230,"column":null}},{"start":{"line":224,"column":6},"end":{"line":230,"column":null}}],"line":221},"7":{"loc":{"start":{"line":224,"column":6},"end":{"line":230,"column":null}},"type":"if","locations":[{"start":{"line":224,"column":6},"end":{"line":230,"column":null}},{"start":{"line":227,"column":6},"end":{"line":230,"column":null}}],"line":224},"8":{"loc":{"start":{"line":227,"column":6},"end":{"line":230,"column":null}},"type":"if","locations":[{"start":{"line":227,"column":6},"end":{"line":230,"column":null}},{"start":{},"end":{}}],"line":227},"9":{"loc":{"start":{"line":233,"column":6},"end":{"line":241,"column":null}},"type":"if","locations":[{"start":{"line":233,"column":6},"end":{"line":241,"column":null}},{"start":{"line":241,"column":8},"end":{"line":241,"column":null}}],"line":233},"10":{"loc":{"start":{"line":247,"column":6},"end":{"line":296,"column":null}},"type":"if","locations":[{"start":{"line":247,"column":6},"end":{"line":296,"column":null}},{"start":{"line":261,"column":6},"end":{"line":296,"column":null}}],"line":247},"11":{"loc":{"start":{"line":261,"column":6},"end":{"line":296,"column":null}},"type":"if","locations":[{"start":{"line":261,"column":6},"end":{"line":296,"column":null}},{"start":{},"end":{}}],"line":261},"12":{"loc":{"start":{"line":266,"column":8},"end":{"line":295,"column":null}},"type":"if","locations":[{"start":{"line":266,"column":8},"end":{"line":295,"column":null}},{"start":{"line":295,"column":10},"end":{"line":295,"column":null}}],"line":266},"13":{"loc":{"start":{"line":266,"column":12},"end":{"line":266,"column":48}},"type":"binary-expr","locations":[{"start":{"line":266,"column":12},"end":{"line":266,"column":34}},{"start":{"line":266,"column":34},"end":{"line":266,"column":48}}],"line":266},"14":{"loc":{"start":{"line":282,"column":10},"end":{"line":292,"column":null}},"type":"if","locations":[{"start":{"line":282,"column":10},"end":{"line":292,"column":null}},{"start":{"line":292,"column":12},"end":{"line":292,"column":null}}],"line":282},"15":{"loc":{"start":{"line":284,"column":34},"end":{"line":284,"column":104}},"type":"cond-expr","locations":[{"start":{"line":284,"column":49},"end":{"line":284,"column":64}},{"start":{"line":284,"column":64},"end":{"line":284,"column":104}}],"line":284},"16":{"loc":{"start":{"line":284,"column":84},"end":{"line":284,"column":102}},"type":"binary-expr","locations":[{"start":{"line":284,"column":84},"end":{"line":284,"column":96}},{"start":{"line":284,"column":96},"end":{"line":284,"column":102}}],"line":284},"17":{"loc":{"start":{"line":331,"column":88},"end":{"line":331,"column":137}},"type":"binary-expr","locations":[{"start":{"line":331,"column":88},"end":{"line":331,"column":135}},{"start":{"line":331,"column":135},"end":{"line":331,"column":137}}],"line":331},"18":{"loc":{"start":{"line":351,"column":4},"end":{"line":400,"column":null}},"type":"if","locations":[{"start":{"line":351,"column":4},"end":{"line":400,"column":null}},{"start":{"line":354,"column":9},"end":{"line":400,"column":null}}],"line":351},"19":{"loc":{"start":{"line":359,"column":6},"end":{"line":361,"column":null}},"type":"if","locations":[{"start":{"line":359,"column":6},"end":{"line":361,"column":null}},{"start":{},"end":{}}],"line":359},"20":{"loc":{"start":{"line":367,"column":6},"end":{"line":372,"column":null}},"type":"if","locations":[{"start":{"line":367,"column":6},"end":{"line":372,"column":null}},{"start":{"line":369,"column":15},"end":{"line":372,"column":null}}],"line":367},"21":{"loc":{"start":{"line":369,"column":15},"end":{"line":372,"column":null}},"type":"if","locations":[{"start":{"line":369,"column":15},"end":{"line":372,"column":null}},{"start":{},"end":{}}],"line":369},"22":{"loc":{"start":{"line":378,"column":6},"end":{"line":383,"column":null}},"type":"if","locations":[{"start":{"line":378,"column":6},"end":{"line":383,"column":null}},{"start":{"line":380,"column":15},"end":{"line":383,"column":null}}],"line":378},"23":{"loc":{"start":{"line":380,"column":15},"end":{"line":383,"column":null}},"type":"if","locations":[{"start":{"line":380,"column":15},"end":{"line":383,"column":null}},{"start":{},"end":{}}],"line":380},"24":{"loc":{"start":{"line":391,"column":8},"end":{"line":391,"column":null}},"type":"if","locations":[{"start":{"line":391,"column":8},"end":{"line":391,"column":null}},{"start":{},"end":{}}],"line":391},"25":{"loc":{"start":{"line":391,"column":12},"end":{"line":391,"column":48}},"type":"binary-expr","locations":[{"start":{"line":391,"column":12},"end":{"line":391,"column":31}},{"start":{"line":391,"column":31},"end":{"line":391,"column":48}}],"line":391},"26":{"loc":{"start":{"line":392,"column":8},"end":{"line":392,"column":null}},"type":"if","locations":[{"start":{"line":392,"column":8},"end":{"line":392,"column":null}},{"start":{},"end":{}}],"line":392},"27":{"loc":{"start":{"line":392,"column":12},"end":{"line":392,"column":48}},"type":"binary-expr","locations":[{"start":{"line":392,"column":12},"end":{"line":392,"column":31}},{"start":{"line":392,"column":31},"end":{"line":392,"column":48}}],"line":392},"28":{"loc":{"start":{"line":399,"column":13},"end":{"line":399,"column":null}},"type":"cond-expr","locations":[{"start":{"line":399,"column":37},"end":{"line":399,"column":57}},{"start":{"line":399,"column":57},"end":{"line":399,"column":null}}],"line":399},"29":{"loc":{"start":{"line":407,"column":24},"end":{"line":407,"column":null}},"type":"binary-expr","locations":[{"start":{"line":407,"column":24},"end":{"line":407,"column":54}},{"start":{"line":407,"column":54},"end":{"line":407,"column":null}}],"line":407},"30":{"loc":{"start":{"line":434,"column":37},"end":{"line":434,"column":null}},"type":"cond-expr","locations":[{"start":{"line":434,"column":86},"end":{"line":434,"column":153}},{"start":{"line":434,"column":153},"end":{"line":434,"column":null}}],"line":434},"31":{"loc":{"start":{"line":436,"column":38},"end":{"line":436,"column":null}},"type":"cond-expr","locations":[{"start":{"line":436,"column":88},"end":{"line":436,"column":156}},{"start":{"line":436,"column":156},"end":{"line":436,"column":null}}],"line":436},"32":{"loc":{"start":{"line":453,"column":22},"end":{"line":453,"column":null}},"type":"binary-expr","locations":[{"start":{"line":453,"column":22},"end":{"line":453,"column":47}},{"start":{"line":453,"column":47},"end":{"line":453,"column":null}}],"line":453},"33":{"loc":{"start":{"line":456,"column":4},"end":{"line":461,"column":null}},"type":"if","locations":[{"start":{"line":456,"column":4},"end":{"line":461,"column":null}},{"start":{"line":461,"column":6},"end":{"line":461,"column":null}}],"line":456},"34":{"loc":{"start":{"line":458,"column":15},"end":{"line":458,"column":null}},"type":"binary-expr","locations":[{"start":{"line":458,"column":15},"end":{"line":458,"column":32}},{"start":{"line":458,"column":32},"end":{"line":458,"column":45}},{"start":{"line":458,"column":45},"end":{"line":458,"column":null}}],"line":458},"35":{"loc":{"start":{"line":461,"column":15},"end":{"line":461,"column":null}},"type":"binary-expr","locations":[{"start":{"line":461,"column":15},"end":{"line":461,"column":28}},{"start":{"line":461,"column":28},"end":{"line":461,"column":45}},{"start":{"line":461,"column":45},"end":{"line":461,"column":null}}],"line":461},"36":{"loc":{"start":{"line":464,"column":4},"end":{"line":466,"column":null}},"type":"if","locations":[{"start":{"line":464,"column":4},"end":{"line":466,"column":null}},{"start":{},"end":{}}],"line":464},"37":{"loc":{"start":{"line":469,"column":4},"end":{"line":485,"column":null}},"type":"if","locations":[{"start":{"line":469,"column":4},"end":{"line":485,"column":null}},{"start":{},"end":{}}],"line":469},"38":{"loc":{"start":{"line":473,"column":6},"end":{"line":476,"column":null}},"type":"if","locations":[{"start":{"line":473,"column":6},"end":{"line":476,"column":null}},{"start":{},"end":{}}],"line":473},"39":{"loc":{"start":{"line":473,"column":10},"end":{"line":473,"column":58}},"type":"binary-expr","locations":[{"start":{"line":473,"column":10},"end":{"line":473,"column":19}},{"start":{"line":473,"column":19},"end":{"line":473,"column":58}}],"line":473},"40":{"loc":{"start":{"line":478,"column":6},"end":{"line":481,"column":null}},"type":"if","locations":[{"start":{"line":478,"column":6},"end":{"line":481,"column":null}},{"start":{},"end":{}}],"line":478}},"s":{"0":2,"1":2,"2":31,"3":31,"4":31,"5":31,"6":31,"7":31,"8":2,"9":2,"10":1,"11":1,"12":6,"13":6,"14":6,"15":6,"16":6,"17":6,"18":6,"19":6,"20":6,"21":6,"22":5,"23":5,"24":1,"25":1,"26":6,"27":1,"28":1,"29":1,"30":2,"31":1,"32":1,"33":1,"34":9,"35":9,"36":9,"37":9,"38":1,"39":8,"40":7,"41":7,"42":19,"43":7,"44":4,"45":3,"46":1,"47":2,"48":1,"49":1,"50":1,"51":7,"52":2,"53":2,"54":5,"55":8,"56":5,"57":5,"58":4,"59":4,"60":7,"61":4,"62":4,"63":1,"64":1,"65":1,"66":1,"67":1,"68":1,"69":1,"70":1,"71":1,"72":1,"73":1,"74":1,"75":1,"76":1,"77":0,"78":0,"79":1,"80":5,"81":5,"82":8,"83":8,"84":5,"85":8,"86":0,"87":8,"88":5,"89":0,"90":0,"91":12,"92":8,"93":4,"94":4,"95":1,"96":3,"97":6,"98":3,"99":1,"100":2,"101":1,"102":1,"103":3,"104":1,"105":0,"106":1,"107":0,"108":1,"109":3,"110":3,"111":3,"112":1,"113":2,"114":1,"115":1,"116":1,"117":12,"118":12,"119":15,"120":14,"121":13,"122":45,"123":45,"124":45,"125":0,"126":45,"127":45,"128":14,"129":31,"130":31,"131":31,"132":30,"133":1,"134":1,"135":1,"136":0,"137":2},"f":{"0":31,"1":2,"2":6,"3":1,"4":1,"5":9,"6":19,"7":8,"8":7,"9":1,"10":5,"11":8,"12":8,"13":0,"14":12,"15":6,"16":3,"17":3,"18":12,"19":15,"20":14,"21":13,"22":45},"b":{"0":[1,1],"1":[5,1],"2":[1,1],"3":[1,8],"4":[9,8],"5":[4,3],"6":[1,2],"7":[1,1],"8":[1,0],"9":[2,5],"10":[4,1],"11":[1,0],"12":[1,0],"13":[1,0],"14":[1,0],"15":[1,0],"16":[0,0],"17":[8,0],"18":[8,4],"19":[1,3],"20":[1,2],"21":[1,1],"22":[0,1],"23":[0,1],"24":[1,2],"25":[3,1],"26":[1,1],"27":[2,2],"28":[1,0],"29":[12,0],"30":[1,12],"31":[1,12],"32":[45,21],"33":[0,45],"34":[0,0,0],"35":[45,21,20],"36":[14,31],"37":[31,0],"38":[30,1],"39":[31,31],"40":[1,0]},"meta":{"lastBranch":41,"lastFunction":23,"lastStatement":138,"seen":{"s:18:6:18:Infinity":0,"s:25:7:490:Infinity":1,"s:27:68:94:Infinity":2,"f:99:2:99:Infinity":0,"s:100:37:100:Infinity":3,"s:101:41:101:Infinity":4,"s:102:41:102:Infinity":5,"s:103:31:103:Infinity":6,"s:104:36:104:Infinity":7,"f:110:8:110:24":1,"s:112:16:112:Infinity":8,"b:115:4:117:Infinity:undefined:undefined:undefined:undefined":0,"s:115:4:117:Infinity":9,"s:117:6:117:Infinity":10,"s:120:4:120:Infinity":11,"f:126:8:126:27":2,"s:128:23:128:Infinity":12,"s:131:27:131:Infinity":13,"s:134:4:134:Infinity":14,"s:135:4:135:Infinity":15,"s:136:4:136:Infinity":16,"s:137:4:137:Infinity":17,"s:140:4:140:Infinity":18,"s:143:22:143:Infinity":19,"s:146:20:146:Infinity":20,"b:149:4:165:Infinity:157:11:165:Infinity":1,"s:149:4:165:Infinity":21,"s:151:6:151:Infinity":22,"s:154:6:156:Infinity":23,"s:159:6:159:Infinity":24,"s:162:6:164:Infinity":25,"s:167:4:167:Infinity":26,"f:173:8:173:45":3,"s:175:4:175:Infinity":27,"s:178:43:178:Infinity":28,"s:181:4:186:Infinity":29,"b:183:6:185:Infinity:undefined:undefined:undefined:undefined":2,"s:183:6:185:Infinity":30,"f:183:44:183:45":4,"s:183:51:183:78":31,"s:185:8:185:Infinity":32,"s:189:4:189:Infinity":33,"f:195:8:195:27":5,"s:196:4:300:Infinity":34,"s:197:46:197:Infinity":35,"s:201:6:201:Infinity":36,"b:204:6:206:Infinity:undefined:undefined:undefined:undefined":3,"s:204:6:206:Infinity":37,"b:204:10:204:85:204:85:204:Infinity":4,"s:206:8:206:Infinity":38,"s:209:24:209:Infinity":39,"s:212:29:212:Infinity":40,"s:215:25:215:Infinity":41,"f:215:83:215:84":6,"s:215:92:215:99":42,"b:218:6:230:Infinity:221:6:230:Infinity":5,"s:218:6:230:Infinity":43,"s:220:8:220:Infinity":44,"b:221:6:230:Infinity:224:6:230:Infinity":6,"s:221:6:230:Infinity":45,"s:223:8:223:Infinity":46,"b:224:6:230:Infinity:227:6:230:Infinity":7,"s:224:6:230:Infinity":47,"s:226:8:226:Infinity":48,"b:227:6:230:Infinity:undefined:undefined:undefined:undefined":8,"s:227:6:230:Infinity":49,"s:229:8:229:Infinity":50,"b:233:6:241:Infinity:241:8:241:Infinity":9,"s:233:6:241:Infinity":51,"s:235:8:235:Infinity":52,"s:238:8:238:Infinity":53,"s:241:8:241:Infinity":54,"f:241:153:241:154":7,"s:241:160:241:170":55,"s:244:34:244:Infinity":56,"b:247:6:296:Infinity:261:6:296:Infinity":10,"s:247:6:296:Infinity":57,"s:249:8:249:Infinity":58,"s:252:26:252:Infinity":59,"f:252:110:252:111":8,"s:252:119:252:131":60,"s:255:8:257:Infinity":61,"s:260:8:260:Infinity":62,"b:261:6:296:Infinity:undefined:undefined:undefined:undefined":11,"s:261:6:296:Infinity":63,"s:263:42:263:Infinity":64,"b:266:8:295:Infinity:295:10:295:Infinity":12,"s:266:8:295:Infinity":65,"b:266:12:266:34:266:34:266:48":13,"s:268:28:268:Infinity":66,"f:268:111:268:112":9,"s:268:120:268:132":67,"s:271:33:271:Infinity":68,"s:273:10:273:Infinity":69,"s:274:10:274:Infinity":70,"s:275:10:275:Infinity":71,"s:276:10:276:Infinity":72,"s:279:26:279:Infinity":73,"b:282:10:292:Infinity:292:12:292:Infinity":14,"s:282:10:292:Infinity":74,"s:284:31:284:Infinity":75,"b:284:49:284:64:284:64:284:104":15,"b:284:84:284:96:284:96:284:102":16,"s:287:12:289:Infinity":76,"s:292:12:292:Infinity":77,"s:295:10:295:Infinity":78,"s:299:6:299:Infinity":79,"f:306:16:306:31":10,"s:307:4:343:Infinity":80,"s:309:28:321:Infinity":81,"f:311:17:311:24":11,"s:313:26:316:Infinity":82,"s:319:10:319:Infinity":83,"s:324:30:334:Infinity":84,"f:326:26:326:33":12,"s:328:30:328:Infinity":85,"f:328:96:328:102":13,"s:328:102:328:113":86,"s:331:10:331:Infinity":87,"b:331:88:331:135:331:135:331:137":17,"s:336:6:336:Infinity":88,"s:339:6:339:Infinity":89,"s:342:6:342:Infinity":90,"f:349:16:349:34":14,"b:351:4:400:Infinity:354:9:400:Infinity":18,"s:351:4:400:Infinity":91,"s:353:6:353:Infinity":92,"s:356:31:356:Infinity":93,"b:359:6:361:Infinity:undefined:undefined:undefined:undefined":19,"s:359:6:361:Infinity":94,"s:361:8:361:Infinity":95,"s:364:27:364:Infinity":96,"f:364:44:364:45":15,"s:364:51:364:102":97,"b:367:6:372:Infinity:369:15:372:Infinity":20,"s:367:6:372:Infinity":98,"s:369:8:369:Infinity":99,"b:369:15:372:Infinity:undefined:undefined:undefined:undefined":21,"s:369:15:372:Infinity":100,"s:372:8:372:Infinity":101,"s:375:25:375:Infinity":102,"f:375:45:375:46":16,"s:375:46:375:67":103,"b:378:6:383:Infinity:380:15:383:Infinity":22,"s:378:6:383:Infinity":104,"s:380:8:380:Infinity":105,"b:380:15:383:Infinity:undefined:undefined:undefined:undefined":23,"s:380:15:383:Infinity":106,"s:383:8:383:Infinity":107,"s:386:25:396:Infinity":108,"f:386:41:386:42":17,"s:387:22:387:Infinity":109,"s:388:22:388:Infinity":110,"b:391:8:391:Infinity:undefined:undefined:undefined:undefined":24,"s:391:8:391:Infinity":111,"b:391:12:391:31:391:31:391:48":25,"s:391:48:391:Infinity":112,"b:392:8:392:Infinity:undefined:undefined:undefined:undefined":26,"s:392:8:392:Infinity":113,"b:392:12:392:31:392:31:392:48":27,"s:392:48:392:Infinity":114,"s:395:8:395:Infinity":115,"s:399:6:399:Infinity":116,"b:399:37:399:57:399:57:399:Infinity":28,"f:406:10:406:31":18,"s:407:24:407:Infinity":117,"b:407:24:407:54:407:54:407:Infinity":29,"s:408:4:412:Infinity":118,"f:418:10:418:26":19,"s:420:4:420:Infinity":119,"f:420:46:420:47":20,"s:420:53:420:94":120,"f:426:10:426:25":21,"s:428:4:440:Infinity":121,"b:434:86:434:153:434:153:434:Infinity":30,"b:436:88:436:156:436:156:436:Infinity":31,"f:446:10:446:26":22,"s:450:17:450:Infinity":122,"s:453:22:453:Infinity":123,"b:453:22:453:47:453:47:453:Infinity":32,"b:456:4:461:Infinity:461:6:461:Infinity":33,"s:456:4:461:Infinity":124,"s:458:6:458:Infinity":125,"b:458:15:458:32:458:32:458:45:458:45:458:Infinity":34,"s:461:6:461:Infinity":126,"b:461:15:461:28:461:28:461:45:461:45:461:Infinity":35,"b:464:4:466:Infinity:undefined:undefined:undefined:undefined":36,"s:464:4:466:Infinity":127,"s:466:6:466:Infinity":128,"b:469:4:485:Infinity:undefined:undefined:undefined:undefined":37,"s:469:4:485:Infinity":129,"s:471:20:471:Infinity":130,"b:473:6:476:Infinity:undefined:undefined:undefined:undefined":38,"s:473:6:476:Infinity":131,"b:473:10:473:19:473:19:473:58":39,"s:475:8:475:Infinity":132,"b:478:6:481:Infinity:undefined:undefined:undefined:undefined":40,"s:478:6:481:Infinity":133,"s:480:8:480:Infinity":134,"s:484:6:484:Infinity":135,"s:488:4:488:Infinity":136,"s:25:13:25:33":137}}}
,"/home/runner/work/Image-Watcher/Image-Watcher/src/service/image-watcher/domain/annotation.ts": {"path":"/home/runner/work/Image-Watcher/Image-Watcher/src/service/image-watcher/domain/annotation.ts","statementMap":{"0":{"start":{"line":4,"column":30},"end":{"line":16,"column":null}},"1":{"start":{"line":24,"column":24},"end":{"line":29,"column":null}},"2":{"start":{"line":37,"column":28},"end":{"line":42,"column":null}},"3":{"start":{"line":49,"column":25},"end":{"line":52,"column":null}}},"fnMap":{},"branchMap":{},"s":{"0":4,"1":4,"2":4,"3":4},"f":{},"b":{},"meta":{"lastBranch":0,"lastFunction":0,"lastStatement":4,"seen":{"s:4:30:16:Infinity":0,"s:24:24:29:Infinity":1,"s:37:28:42:Infinity":2,"s:49:25:52:Infinity":3}}}
,"/home/runner/work/Image-Watcher/Image-Watcher/src/service/notification/notification.service.ts": {"path":"/home/runner/work/Image-Watcher/Image-Watcher/src/service/notification/notification.service.ts","statementMap":{"0":{"start":{"line":11,"column":6},"end":{"line":11,"column":null}},"1":{"start":{"line":18,"column":7},"end":{"line":210,"column":null}},"2":{"start":{"line":20,"column":60},"end":{"line":20,"column":null}},"3":{"start":{"line":27,"column":4},"end":{"line":27,"column":null}},"4":{"start":{"line":30,"column":4},"end":{"line":30,"column":null}},"5":{"start":{"line":38,"column":4},"end":{"line":38,"column":null}},"6":{"start":{"line":41,"column":4},"end":{"line":52,"column":null}},"7":{"start":{"line":43,"column":6},"end":{"line":51,"column":null}},"8":{"start":{"line":45,"column":8},"end":{"line":45,"column":null}},"9":{"start":{"line":48,"column":8},"end":{"line":48,"column":null}},"10":{"start":{"line":51,"column":8},"end":{"line":51,"column":null}},"11":{"start":{"line":55,"column":4},"end":{"line":60,"column":null}},"12":{"start":{"line":57,"column":6},"end":{"line":57,"column":null}},"13":{"start":{"line":60,"column":6},"end":{"line":60,"column":null}},"14":{"start":{"line":68,"column":4},"end":{"line":68,"column":null}},"15":{"start":{"line":75,"column":42},"end":{"line":75,"column":null}},"16":{"start":{"line":78,"column":4},"end":{"line":84,"column":null}},"17":{"start":{"line":80,"column":6},"end":{"line":80,"column":null}},"18":{"start":{"line":83,"column":6},"end":{"line":83,"column":null}},"19":{"start":{"line":87,"column":4},"end":{"line":87,"column":null}},"20":{"start":{"line":90,"column":4},"end":{"line":116,"column":null}},"21":{"start":{"line":91,"column":6},"end":{"line":115,"column":null}},"22":{"start":{"line":93,"column":22},"end":{"line":93,"column":null}},"23":{"start":{"line":96,"column":8},"end":{"line":96,"column":null}},"24":{"start":{"line":99,"column":8},"end":{"line":102,"column":null}},"25":{"start":{"line":101,"column":10},"end":{"line":101,"column":null}},"26":{"start":{"line":105,"column":8},"end":{"line":105,"column":null}},"27":{"start":{"line":108,"column":8},"end":{"line":108,"column":null}},"28":{"start":{"line":111,"column":8},"end":{"line":111,"column":null}},"29":{"start":{"line":114,"column":8},"end":{"line":114,"column":null}},"30":{"start":{"line":119,"column":4},"end":{"line":119,"column":null}},"31":{"start":{"line":127,"column":4},"end":{"line":127,"column":null}},"32":{"start":{"line":135,"column":17},"end":{"line":135,"column":null}},"33":{"start":{"line":138,"column":4},"end":{"line":140,"column":null}},"34":{"start":{"line":140,"column":6},"end":{"line":140,"column":null}},"35":{"start":{"line":143,"column":23},"end":{"line":149,"column":null}},"36":{"start":{"line":152,"column":29},"end":{"line":152,"column":null}},"37":{"start":{"line":155,"column":20},"end":{"line":155,"column":null}},"38":{"start":{"line":158,"column":4},"end":{"line":202,"column":null}},"39":{"start":{"line":160,"column":6},"end":{"line":166,"column":null}},"40":{"start":{"line":162,"column":8},"end":{"line":162,"column":null}},"41":{"start":{"line":165,"column":8},"end":{"line":165,"column":null}},"42":{"start":{"line":169,"column":23},"end":{"line":169,"column":null}},"43":{"start":{"line":172,"column":6},"end":{"line":187,"column":null}},"44":{"start":{"line":174,"column":24},"end":{"line":174,"column":null}},"45":{"start":{"line":174,"column":64},"end":{"line":174,"column":76}},"46":{"start":{"line":177,"column":27},"end":{"line":177,"column":null}},"47":{"start":{"line":177,"column":57},"end":{"line":177,"column":70}},"48":{"start":{"line":180,"column":8},"end":{"line":186,"column":null}},"49":{"start":{"line":182,"column":10},"end":{"line":182,"column":null}},"50":{"start":{"line":185,"column":10},"end":{"line":185,"column":null}},"51":{"start":{"line":190,"column":6},"end":{"line":192,"column":null}},"52":{"start":{"line":192,"column":8},"end":{"line":192,"column":null}},"53":{"start":{"line":195,"column":20},"end":{"line":195,"column":null}},"54":{"start":{"line":198,"column":6},"end":{"line":198,"column":null}},"55":{"start":{"line":201,"column":6},"end":{"line":201,"column":null}},"56":{"start":{"line":205,"column":4},"end":{"line":205,"column":null}},"57":{"start":{"line":208,"column":4},"end":{"line":208,"column":null}},"58":{"start":{"line":18,"column":13},"end":{"line":18,"column":41}}},"fnMap":{"0":{"name":"(anonymous_0)","decl":{"start":{"line":25,"column":2},"end":{"line":25,"column":15}},"loc":{"start":{"line":25,"column":146},"end":{"line":31,"column":null}},"line":25},"1":{"name":"(anonymous_1)","decl":{"start":{"line":36,"column":12},"end":{"line":36,"column":32}},"loc":{"start":{"line":36,"column":74},"end":{"line":61,"column":null}},"line":36},"2":{"name":"(anonymous_2)","decl":{"start":{"line":66,"column":12},"end":{"line":66,"column":49}},"loc":{"start":{"line":66,"column":49},"end":{"line":69,"column":null}},"line":66},"3":{"name":"(anonymous_3)","decl":{"start":{"line":74,"column":8},"end":{"line":74,"column":18}},"loc":{"start":{"line":74,"column":108},"end":{"line":120,"column":null}},"line":74},"4":{"name":"(anonymous_4)","decl":{"start":{"line":125,"column":2},"end":{"line":125,"column":36}},"loc":{"start":{"line":125,"column":36},"end":{"line":128,"column":null}},"line":125},"5":{"name":"(anonymous_5)","decl":{"start":{"line":133,"column":10},"end":{"line":133,"column":28}},"loc":{"start":{"line":133,"column":83},"end":{"line":209,"column":null}},"line":133},"6":{"name":"(anonymous_6)","decl":{"start":{"line":174,"column":57},"end":{"line":174,"column":58}},"loc":{"start":{"line":174,"column":64},"end":{"line":174,"column":76}},"line":174},"7":{"name":"(anonymous_7)","decl":{"start":{"line":177,"column":50},"end":{"line":177,"column":51}},"loc":{"start":{"line":177,"column":57},"end":{"line":177,"column":70}},"line":177}},"branchMap":{"0":{"loc":{"start":{"line":43,"column":6},"end":{"line":51,"column":null}},"type":"if","locations":[{"start":{"line":43,"column":6},"end":{"line":51,"column":null}},{"start":{"line":51,"column":8},"end":{"line":51,"column":null}}],"line":43},"1":{"loc":{"start":{"line":55,"column":4},"end":{"line":60,"column":null}},"type":"if","locations":[{"start":{"line":55,"column":4},"end":{"line":60,"column":null}},{"start":{"line":60,"column":6},"end":{"line":60,"column":null}}],"line":55},"2":{"loc":{"start":{"line":78,"column":4},"end":{"line":84,"column":null}},"type":"if","locations":[{"start":{"line":78,"column":4},"end":{"line":84,"column":null}},{"start":{},"end":{}}],"line":78},"3":{"loc":{"start":{"line":135,"column":17},"end":{"line":135,"column":null}},"type":"cond-expr","locations":[{"start":{"line":135,"column":40},"end":{"line":135,"column":59}},{"start":{"line":135,"column":59},"end":{"line":135,"column":null}}],"line":135},"4":{"loc":{"start":{"line":138,"column":4},"end":{"line":140,"column":null}},"type":"if","locations":[{"start":{"line":138,"column":4},"end":{"line":140,"column":null}},{"start":{},"end":{}}],"line":138},"5":{"loc":{"start":{"line":160,"column":6},"end":{"line":166,"column":null}},"type":"if","locations":[{"start":{"line":160,"column":6},"end":{"line":166,"column":null}},{"start":{},"end":{}}],"line":160},"6":{"loc":{"start":{"line":174,"column":64},"end":{"line":174,"column":76}},"type":"binary-expr","locations":[{"start":{"line":174,"column":64},"end":{"line":174,"column":75}},{"start":{"line":174,"column":75},"end":{"line":174,"column":76}}],"line":174},"7":{"loc":{"start":{"line":180,"column":8},"end":{"line":186,"column":null}},"type":"if","locations":[{"start":{"line":180,"column":8},"end":{"line":186,"column":null}},{"start":{},"end":{}}],"line":180},"8":{"loc":{"start":{"line":190,"column":6},"end":{"line":192,"column":null}},"type":"if","locations":[{"start":{"line":190,"column":6},"end":{"line":192,"column":null}},{"start":{},"end":{}}],"line":190}},"s":{"0":3,"1":3,"2":12,"3":12,"4":12,"5":12,"6":12,"7":24,"8":20,"9":20,"10":4,"11":12,"12":2,"13":10,"14":0,"15":4,"16":4,"17":1,"18":1,"19":3,"20":3,"21":3,"22":3,"23":3,"24":3,"25":3,"26":2,"27":2,"28":1,"29":1,"30":3,"31":1,"32":6,"33":6,"34":5,"35":1,"36":1,"37":1,"38":1,"39":2,"40":1,"41":1,"42":1,"43":1,"44":5,"45":0,"46":5,"47":0,"48":5,"49":0,"50":0,"51":1,"52":1,"53":1,"54":1,"55":1,"56":1,"57":1,"58":3},"f":{"0":12,"1":12,"2":0,"3":4,"4":1,"5":6,"6":0,"7":0},"b":{"0":[20,4],"1":[2,10],"2":[1,3],"3":[2,4],"4":[5,1],"5":[1,1],"6":[0,0],"7":[0,5],"8":[1,0]},"meta":{"lastBranch":9,"lastFunction":8,"lastStatement":59,"seen":{"s:11:6:11:Infinity":0,"s:18:7:210:Infinity":1,"s:20:60:20:Infinity":2,"f:25:2:25:15":0,"s:27:4:27:Infinity":3,"s:30:4:30:Infinity":4,"f:36:12:36:32":1,"s:38:4:38:Infinity":5,"s:41:4:52:Infinity":6,"b:43:6:51:Infinity:51:8:51:Infinity":0,"s:43:6:51:Infinity":7,"s:45:8:45:Infinity":8,"s:48:8:48:Infinity":9,"s:51:8:51:Infinity":10,"b:55:4:60:Infinity:60:6:60:Infinity":1,"s:55:4:60:Infinity":11,"s:57:6:57:Infinity":12,"s:60:6:60:Infinity":13,"f:66:12:66:49":2,"s:68:4:68:Infinity":14,"f:74:8:74:18":3,"s:75:42:75:Infinity":15,"b:78:4:84:Infinity:undefined:undefined:undefined:undefined":2,"s:78:4:84:Infinity":16,"s:80:6:80:Infinity":17,"s:83:6:83:Infinity":18,"s:87:4:87:Infinity":19,"s:90:4:116:Infinity":20,"s:91:6:115:Infinity":21,"s:93:22:93:Infinity":22,"s:96:8:96:Infinity":23,"s:99:8:102:Infinity":24,"s:101:10:101:Infinity":25,"s:105:8:105:Infinity":26,"s:108:8:108:Infinity":27,"s:111:8:111:Infinity":28,"s:114:8:114:Infinity":29,"s:119:4:119:Infinity":30,"f:125:2:125:36":4,"s:127:4:127:Infinity":31,"f:133:10:133:28":5,"s:135:17:135:Infinity":32,"b:135:40:135:59:135:59:135:Infinity":3,"b:138:4:140:Infinity:undefined:undefined:undefined:undefined":4,"s:138:4:140:Infinity":33,"s:140:6:140:Infinity":34,"s:143:23:149:Infinity":35,"s:152:29:152:Infinity":36,"s:155:20:155:Infinity":37,"s:158:4:202:Infinity":38,"b:160:6:166:Infinity:undefined:undefined:undefined:undefined":5,"s:160:6:166:Infinity":39,"s:162:8:162:Infinity":40,"s:165:8:165:Infinity":41,"s:169:23:169:Infinity":42,"s:172:6:187:Infinity":43,"s:174:24:174:Infinity":44,"f:174:57:174:58":6,"s:174:64:174:76":45,"b:174:64:174:75:174:75:174:76":6,"s:177:27:177:Infinity":46,"f:177:50:177:51":7,"s:177:57:177:70":47,"b:180:8:186:Infinity:undefined:undefined:undefined:undefined":7,"s:180:8:186:Infinity":48,"s:182:10:182:Infinity":49,"s:185:10:185:Infinity":50,"b:190:6:192:Infinity:undefined:undefined:undefined:undefined":8,"s:190:6:192:Infinity":51,"s:192:8:192:Infinity":52,"s:195:20:195:Infinity":53,"s:198:6:198:Infinity":54,"s:201:6:201:Infinity":55,"s:205:4:205:Infinity":56,"s:208:4:208:Infinity":57,"s:18:13:18:41":58}}}
,"/home/runner/work/Image-Watcher/Image-Watcher/src/service/orchestrator/orchestrator.service.ts": {"path":"/home/runner/work/Image-Watcher/Image-Watcher/src/service/orchestrator/orchestrator.service.ts","statementMap":{"0":{"start":{"line":11,"column":6},"end":{"line":11,"column":null}},"1":{"start":{"line":18,"column":7},"end":{"line":198,"column":null}},"2":{"start":{"line":20,"column":60},"end":{"line":20,"column":null}},"3":{"start":{"line":28,"column":4},"end":{"line":28,"column":null}},"4":{"start":{"line":26,"column":44},"end":{"line":26,"column":81}},"5":{"start":{"line":31,"column":4},"end":{"line":31,"column":null}},"6":{"start":{"line":39,"column":4},"end":{"line":39,"column":null}},"7":{"start":{"line":42,"column":4},"end":{"line":54,"column":null}},"8":{"start":{"line":44,"column":6},"end":{"line":53,"column":null}},"9":{"start":{"line":46,"column":8},"end":{"line":46,"column":null}},"10":{"start":{"line":49,"column":8},"end":{"line":49,"column":null}},"11":{"start":{"line":52,"column":8},"end":{"line":52,"column":null}},"12":{"start":{"line":57,"column":4},"end":{"line":62,"column":null}},"13":{"start":{"line":59,"column":6},"end":{"line":59,"column":null}},"14":{"start":{"line":62,"column":6},"end":{"line":62,"column":null}},"15":{"start":{"line":71,"column":4},"end":{"line":73,"column":null}},"16":{"start":{"line":73,"column":6},"end":{"line":73,"column":null}},"17":{"start":{"line":76,"column":4},"end":{"line":76,"column":null}},"18":{"start":{"line":84,"column":21},"end":{"line":84,"column":null}},"19":{"start":{"line":86,"column":4},"end":{"line":119,"column":null}},"20":{"start":{"line":88,"column":19},"end":{"line":88,"column":null}},"21":{"start":{"line":91,"column":23},"end":{"line":106,"column":null}},"22":{"start":{"line":93,"column":8},"end":{"line":93,"column":null}},"23":{"start":{"line":93,"column":32},"end":{"line":93,"column":null}},"24":{"start":{"line":96,"column":14},"end":{"line":96,"column":null}},"25":{"start":{"line":99,"column":8},"end":{"line":105,"column":null}},"26":{"start":{"line":109,"column":6},"end":{"line":109,"column":null}},"27":{"start":{"line":112,"column":6},"end":{"line":112,"column":null}},"28":{"start":{"line":115,"column":6},"end":{"line":115,"column":null}},"29":{"start":{"line":118,"column":6},"end":{"line":118,"column":null}},"30":{"start":{"line":127,"column":21},"end":{"line":127,"column":null}},"31":{"start":{"line":129,"column":4},"end":{"line":152,"column":null}},"32":{"start":{"line":131,"column":26},"end":{"line":131,"column":null}},"33":{"start":{"line":134,"column":12},"end":{"line":134,"column":null}},"34":{"start":{"line":137,"column":36},"end":{"line":143,"column":null}},"35":{"start":{"line":145,"column":6},"end":{"line":145,"column":null}},"36":{"start":{"line":148,"column":6},"end":{"line":148,"column":null}},"37":{"start":{"line":151,"column":6},"end":{"line":151,"column":null}},"38":{"start":{"line":160,"column":21},"end":{"line":160,"column":null}},"39":{"start":{"line":162,"column":4},"end":{"line":174,"column":null}},"40":{"start":{"line":164,"column":21},"end":{"line":164,"column":null}},"41":{"start":{"line":167,"column":6},"end":{"line":167,"column":null}},"42":{"start":{"line":170,"column":6},"end":{"line":170,"column":null}},"43":{"start":{"line":173,"column":6},"end":{"line":173,"column":null}},"44":{"start":{"line":182,"column":21},"end":{"line":182,"column":null}},"45":{"start":{"line":184,"column":4},"end":{"line":196,"column":null}},"46":{"start":{"line":186,"column":21},"end":{"line":186,"column":null}},"47":{"start":{"line":189,"column":6},"end":{"line":189,"column":null}},"48":{"start":{"line":192,"column":6},"end":{"line":192,"column":null}},"49":{"start":{"line":195,"column":6},"end":{"line":195,"column":null}},"50":{"start":{"line":18,"column":13},"end":{"line":18,"column":41}}},"fnMap":{"0":{"name":"(anonymous_0)","decl":{"start":{"line":26,"column":2},"end":{"line":26,"column":15}},"loc":{"start":{"line":26,"column":81},"end":{"line":32,"column":null}},"line":26},"1":{"name":"(anonymous_1)","decl":{"start":{"line":37,"column":12},"end":{"line":37,"column":32}},"loc":{"start":{"line":37,"column":74},"end":{"line":64,"column":null}},"line":37},"2":{"name":"(anonymous_2)","decl":{"start":{"line":69,"column":12},"end":{"line":69,"column":49}},"loc":{"start":{"line":69,"column":49},"end":{"line":77,"column":null}},"line":69},"3":{"name":"(anonymous_3)","decl":{"start":{"line":82,"column":8},"end":{"line":82,"column":52}},"loc":{"start":{"line":82,"column":52},"end":{"line":120,"column":null}},"line":82},"4":{"name":"(anonymous_4)","decl":{"start":{"line":91,"column":32},"end":{"line":91,"column":33}},"loc":{"start":{"line":91,"column":62},"end":{"line":106,"column":7}},"line":91},"5":{"name":"(anonymous_5)","decl":{"start":{"line":125,"column":8},"end":{"line":125,"column":23}},"loc":{"start":{"line":125,"column":90},"end":{"line":153,"column":null}},"line":125},"6":{"name":"(anonymous_6)","decl":{"start":{"line":158,"column":8},"end":{"line":158,"column":19}},"loc":{"start":{"line":158,"column":62},"end":{"line":175,"column":null}},"line":158},"7":{"name":"(anonymous_7)","decl":{"start":{"line":180,"column":15},"end":{"line":180,"column":32}},"loc":{"start":{"line":180,"column":119},"end":{"line":197,"column":null}},"line":180}},"branchMap":{"0":{"loc":{"start":{"line":44,"column":6},"end":{"line":53,"column":null}},"type":"if","locations":[{"start":{"line":44,"column":6},"end":{"line":53,"column":null}},{"start":{"line":50,"column":13},"end":{"line":53,"column":null}}],"line":44},"1":{"loc":{"start":{"line":57,"column":4},"end":{"line":62,"column":null}},"type":"if","locations":[{"start":{"line":57,"column":4},"end":{"line":62,"column":null}},{"start":{"line":62,"column":6},"end":{"line":62,"column":null}}],"line":57},"2":{"loc":{"start":{"line":71,"column":4},"end":{"line":73,"column":null}},"type":"if","locations":[{"start":{"line":71,"column":4},"end":{"line":73,"column":null}},{"start":{},"end":{}}],"line":71},"3":{"loc":{"start":{"line":93,"column":8},"end":{"line":93,"column":null}},"type":"if","locations":[{"start":{"line":93,"column":8},"end":{"line":93,"column":null}},{"start":{},"end":{}}],"line":93},"4":{"loc":{"start":{"line":103,"column":20},"end":{"line":103,"column":null}},"type":"binary-expr","locations":[{"start":{"line":103,"column":20},"end":{"line":103,"column":47}},{"start":{"line":103,"column":47},"end":{"line":103,"column":null}}],"line":103},"5":{"loc":{"start":{"line":141,"column":18},"end":{"line":141,"column":null}},"type":"binary-expr","locations":[{"start":{"line":141,"column":18},"end":{"line":141,"column":45}},{"start":{"line":141,"column":45},"end":{"line":141,"column":null}}],"line":141}},"s":{"0":3,"1":3,"2":15,"3":15,"4":15,"5":15,"6":15,"7":15,"8":15,"9":14,"10":14,"11":1,"12":15,"13":1,"14":14,"15":12,"16":1,"17":11,"18":4,"19":4,"20":4,"21":2,"22":3,"23":0,"24":3,"25":3,"26":2,"27":2,"28":2,"29":2,"30":2,"31":2,"32":2,"33":1,"34":1,"35":2,"36":2,"37":1,"38":2,"39":2,"40":2,"41":1,"42":1,"43":1,"44":2,"45":2,"46":2,"47":1,"48":1,"49":1,"50":3},"f":{"0":15,"1":15,"2":12,"3":4,"4":3,"5":2,"6":2,"7":2},"b":{"0":[14,1],"1":[1,14],"2":[1,11],"3":[0,3],"4":[3,3],"5":[1,1]},"meta":{"lastBranch":6,"lastFunction":8,"lastStatement":51,"seen":{"s:11:6:11:Infinity":0,"s:18:7:198:Infinity":1,"s:20:60:20:Infinity":2,"f:26:2:26:15":0,"s:28:4:28:Infinity":3,"s:26:44:26:81":4,"s:31:4:31:Infinity":5,"f:37:12:37:32":1,"s:39:4:39:Infinity":6,"s:42:4:54:Infinity":7,"b:44:6:53:Infinity:50:13:53:Infinity":0,"s:44:6:53:Infinity":8,"s:46:8:46:Infinity":9,"s:49:8:49:Infinity":10,"s:52:8:52:Infinity":11,"b:57:4:62:Infinity:62:6:62:Infinity":1,"s:57:4:62:Infinity":12,"s:59:6:59:Infinity":13,"s:62:6:62:Infinity":14,"f:69:12:69:49":2,"b:71:4:73:Infinity:undefined:undefined:undefined:undefined":2,"s:71:4:73:Infinity":15,"s:73:6:73:Infinity":16,"s:76:4:76:Infinity":17,"f:82:8:82:52":3,"s:84:21:84:Infinity":18,"s:86:4:119:Infinity":19,"s:88:19:88:Infinity":20,"s:91:23:106:Infinity":21,"f:91:32:91:33":4,"b:93:8:93:Infinity:undefined:undefined:undefined:undefined":3,"s:93:8:93:Infinity":22,"s:93:32:93:Infinity":23,"s:96:14:96:Infinity":24,"s:99:8:105:Infinity":25,"b:103:20:103:47:103:47:103:Infinity":4,"s:109:6:109:Infinity":26,"s:112:6:112:Infinity":27,"s:115:6:115:Infinity":28,"s:118:6:118:Infinity":29,"f:125:8:125:23":5,"s:127:21:127:Infinity":30,"s:129:4:152:Infinity":31,"s:131:26:131:Infinity":32,"s:134:12:134:Infinity":33,"s:137:36:143:Infinity":34,"b:141:18:141:45:141:45:141:Infinity":5,"s:145:6:145:Infinity":35,"s:148:6:148:Infinity":36,"s:151:6:151:Infinity":37,"f:158:8:158:19":6,"s:160:21:160:Infinity":38,"s:162:4:174:Infinity":39,"s:164:21:164:Infinity":40,"s:167:6:167:Infinity":41,"s:170:6:170:Infinity":42,"s:173:6:173:Infinity":43,"f:180:15:180:32":7,"s:182:21:182:Infinity":44,"s:184:4:196:Infinity":45,"s:186:21:186:Infinity":46,"s:189:6:189:Infinity":47,"s:192:6:192:Infinity":48,"s:195:6:195:Infinity":49,"s:18:13:18:41":50}}}
[...]
:16},"end":{"line":19,"column":25}},"loc":{"start":{"line":19,"column":47},"end":{"line":22,"column":null}},"line":19},"1":{"name":"parseSemver","decl":{"start":{"line":27,"column":16},"end":{"line":27,"column":28}},"loc":{"start":{"line":27,"column":62},"end":{"line":48,"column":null}},"line":27},"2":{"name":"getNewerTags","decl":{"start":{"line":53,"column":16},"end":{"line":53,"column":29}},"loc":{"start":{"line":53,"column":113},"end":{"line":75,"column":null}},"line":53},"3":{"name":"(anonymous_3)","decl":{"start":{"line":62,"column":12},"end":{"line":62,"column":13}},"loc":{"start":{"line":62,"column":19},"end":{"line":73,"column":5}},"line":62},"4":{"name":"(anonymous_4)","decl":{"start":{"line":74,"column":10},"end":{"line":74,"column":11}},"loc":{"start":{"line":74,"column":20},"end":{"line":74,"column":129}},"line":74},"5":{"name":"getListePatchs","decl":{"start":{"line":80,"column":16},"end":{"line":80,"column":31}},"loc":{"start":{"line":80,"column":126},"end":{"line":101,"column":null}},"line":80},"6":{"name":"(anonymous_6)","decl":{"start":{"line":89,"column":36},"end":{"line":89,"column":37}},"loc":{"start":{"line":89,"column":43},"end":{"line":89,"column":140}},"line":89},"7":{"name":"(anonymous_7)","decl":{"start":{"line":92,"column":23},"end":{"line":92,"column":24}},"loc":{"start":{"line":92,"column":33},"end":{"line":100,"column":3}},"line":92},"8":{"name":"getListeMinors","decl":{"start":{"line":106,"column":16},"end":{"line":106,"column":31}},"loc":{"start":{"line":106,"column":127},"end":{"line":127,"column":null}},"line":106},"9":{"name":"(anonymous_9)","decl":{"start":{"line":115,"column":36},"end":{"line":115,"column":37}},"loc":{"start":{"line":115,"column":43},"end":{"line":115,"column":138}},"line":115},"10":{"name":"(anonymous_10)","decl":{"start":{"line":118,"column":23},"end":{"line":118,"column":24}},"loc":{"start":{"line":118,"column":33},"end":{"line":126,"column":3}},"line":118},"11":{"name":"getListeMajors","decl":{"start":{"line":132,"column":16},"end":{"line":132,"column":31}},"loc":{"start":{"line":132,"column":127},"end":{"line":153,"column":null}},"line":132},"12":{"name":"(anonymous_12)","decl":{"start":{"line":141,"column":36},"end":{"line":141,"column":37}},"loc":{"start":{"line":141,"column":43},"end":{"line":141,"column":109}},"line":141},"13":{"name":"(anonymous_13)","decl":{"start":{"line":144,"column":23},"end":{"line":144,"column":24}},"loc":{"start":{"line":144,"column":33},"end":{"line":152,"column":3}},"line":144},"14":{"name":"isNewerThan","decl":{"start":{"line":158,"column":16},"end":{"line":158,"column":28}},"loc":{"start":{"line":158,"column":99},"end":{"line":174,"column":null}},"line":158},"15":{"name":"compareSemver","decl":{"start":{"line":179,"column":16},"end":{"line":179,"column":30}},"loc":{"start":{"line":179,"column":72},"end":{"line":212,"column":null}},"line":179},"16":{"name":"analyzeSemverVersions","decl":{"start":{"line":217,"column":16},"end":{"line":217,"column":38}},"loc":{"start":{"line":217,"column":204},"end":{"line":253,"column":null}},"line":217},"17":{"name":"(anonymous_17)","decl":{"start":{"line":222,"column":50},"end":{"line":222,"column":51}},"loc":{"start":{"line":222,"column":57},"end":{"line":222,"column":73}},"line":222},"18":{"name":"(anonymous_18)","decl":{"start":{"line":222,"column":79},"end":{"line":222,"column":80}},"loc":{"start":{"line":222,"column":86},"end":{"line":222,"column":137}},"line":222},"19":{"name":"(anonymous_19)","decl":{"start":{"line":225,"column":39},"end":{"line":225,"column":40}},"loc":{"start":{"line":225,"column":46},"end":{"line":230,"column":3}},"line":225}},"branchMap":{"0":{"loc":{"start":{"line":32,"column":2},"end":{"line":34,"column":null}},"type":"if","locations":[{"start":{"line":32,"column":2},"end":{"line":34,"column":null}},{"start":{},"end":{}}],"line":32},"1":{"loc":{"start":{"line":42,"column":12},"end":{"line":42,"column":null}},"type":"binary-expr","locations":[{"start":{"line":42,"column":12},"end":{"line":42,"column":22}},{"start":{"line":42,"column":22},"end":{"line":42,"column":null}}],"line":42},"2":{"loc":{"start":{"line":46,"column":12},"end":{"line":46,"column":null}},"type":"binary-expr","locations":[{"start":{"line":46,"column":12},"end":{"line":46,"column":22}},{"start":{"line":46,"column":22},"end":{"line":46,"column":null}}],"line":46},"3":{"loc":{"start":{"line":53,"column":69},"end":{"line":53,"column":113}},"type":"default-arg","locations":[{"start":{"line":53,"column":91},"end":{"line":53,"column":113}}],"line":53},"4":{"loc":{"start":{"line":64,"column":6},"end":{"line":66,"column":null}},"type":"if","locations":[{"start":{"line":64,"column":6},"end":{"line":66,"column":null}},{"start":{},"end":{}}],"line":64},"5":{"loc":{"start":{"line":64,"column":10},"end":{"line":64,"column":null}},"type":"binary-expr","locations":[{"start":{"line":64,"column":10},"end":{"line":64,"column":24}},{"start":{"line":64,"column":24},"end":{"line":64,"column":null}}],"line":64},"6":{"loc":{"start":{"line":69,"column":19},"end":{"line":69,"column":null}},"type":"cond-expr","locations":[{"start":{"line":69,"column":32},"end":{"line":69,"column":62}},{"start":{"line":69,"column":62},"end":{"line":69,"column":null}}],"line":69},"7":{"loc":{"start":{"line":74,"column":50},"end":{"line":74,"column":79}},"type":"cond-expr","locations":[{"start":{"line":74,"column":63},"end":{"line":74,"column":74}},{"start":{"line":74,"column":74},"end":{"line":74,"column":79}}],"line":74},"8":{"loc":{"start":{"line":74,"column":98},"end":{"line":74,"column":127}},"type":"cond-expr","locations":[{"start":{"line":74,"column":111},"end":{"line":74,"column":122}},{"start":{"line":74,"column":122},"end":{"line":74,"column":127}}],"line":74},"9":{"loc":{"start":{"line":80,"column":78},"end":{"line":80,"column":126}},"type":"default-arg","locations":[{"start":{"line":80,"column":104},"end":{"line":80,"column":126}}],"line":80},"10":{"loc":{"start":{"line":84,"column":2},"end":{"line":86,"column":null}},"type":"if","locations":[{"start":{"line":84,"column":2},"end":{"line":86,"column":null}},{"start":{},"end":{}}],"line":84},"11":{"loc":{"start":{"line":89,"column":43},"end":{"line":89,"column":140}},"type":"binary-expr","locations":[{"start":{"line":89,"column":43},"end":{"line":89,"column":72}},{"start":{"line":89,"column":72},"end":{"line":89,"column":101}},{"start":{"line":89,"column":101},"end":{"line":89,"column":140}}],"line":89},"12":{"loc":{"start":{"line":94,"column":4},"end":{"line":96,"column":null}},"type":"if","locations":[{"start":{"line":94,"column":4},"end":{"line":96,"column":null}},{"start":{},"end":{}}],"line":94},"13":{"loc":{"start":{"line":106,"column":78},"end":{"line":106,"column":127}},"type":"default-arg","locations":[{"start":{"line":106,"column":104},"end":{"line":106,"column":127}}],"line":106},"14":{"loc":{"start":{"line":110,"column":2},"end":{"line":112,"column":null}},"type":"if","locations":[{"start":{"line":110,"column":2},"end":{"line":112,"column":null}},{"start":{},"end":{}}],"line":110},"15":{"loc":{"start":{"line":115,"column":43},"end":{"line":115,"column":138}},"type":"binary-expr","locations":[{"start":{"line":115,"column":43},"end":{"line":115,"column":72}},{"start":{"line":115,"column":72},"end":{"line":115,"column":99}},{"start":{"line":115,"column":99},"end":{"line":115,"column":138}}],"line":115},"16":{"loc":{"start":{"line":120,"column":4},"end":{"line":122,"column":null}},"type":"if","locations":[{"start":{"line":120,"column":4},"end":{"line":122,"column":null}},{"start":{},"end":{}}],"line":120},"17":{"loc":{"start":{"line":132,"column":78},"end":{"line":132,"column":127}},"type":"default-arg","locations":[{"start":{"line":132,"column":104},"end":{"line":132,"column":127}}],"line":132},"18":{"loc":{"start":{"line":136,"column":2},"end":{"line":138,"column":null}},"type":"if","locations":[{"start":{"line":136,"column":2},"end":{"line":138,"column":null}},{"start":{},"end":{}}],"line":136},"19":{"loc":{"start":{"line":141,"column":43},"end":{"line":141,"column":109}},"type":"binary-expr","locations":[{"start":{"line":141,"column":43},"end":{"line":141,"column":70}},{"start":{"line":141,"column":70},"end":{"line":141,"column":109}}],"line":141},"20":{"loc":{"start":{"line":146,"column":4},"end":{"line":148,"column":null}},"type":"if","locations":[{"start":{"line":146,"column":4},"end":{"line":148,"column":null}},{"start":{},"end":{}}],"line":146},"21":{"loc":{"start":{"line":160,"column":2},"end":{"line":173,"column":null}},"type":"if","locations":[{"start":{"line":160,"column":2},"end":{"line":173,"column":null}},{"start":{"line":166,"column":9},"end":{"line":173,"column":null}}],"line":160},"22":{"loc":{"start":{"line":162,"column":4},"end":{"line":162,"column":null}},"type":"if","locations":[{"start":{"line":162,"column":4},"end":{"line":162,"column":null}},{"start":{},"end":{}}],"line":162},"23":{"loc":{"start":{"line":181,"column":2},"end":{"line":183,"column":null}},"type":"if","locations":[{"start":{"line":181,"column":2},"end":{"line":183,"column":null}},{"start":{},"end":{}}],"line":181},"24":{"loc":{"start":{"line":183,"column":11},"end":{"line":183,"column":null}},"type":"cond-expr","locations":[{"start":{"line":183,"column":31},"end":{"line":183,"column":35}},{"start":{"line":183,"column":35},"end":{"line":183,"column":null}}],"line":183},"25":{"loc":{"start":{"line":186,"column":2},"end":{"line":188,"column":null}},"type":"if","locations":[{"start":{"line":186,"column":2},"end":{"line":188,"column":null}},{"start":{},"end":{}}],"line":186},"26":{"loc":{"start":{"line":188,"column":11},"end":{"line":188,"column":null}},"type":"cond-expr","locations":[{"start":{"line":188,"column":31},"end":{"line":188,"column":35}},{"start":{"line":188,"column":35},"end":{"line":188,"column":null}}],"line":188},"27":{"loc":{"start":{"line":191,"column":2},"end":{"line":193,"column":null}},"type":"if","locations":[{"start":{"line":191,"column":2},"end":{"line":193,"column":null}},{"start":{},"end":{}}],"line":191},"28":{"loc":{"start":{"line":193,"column":11},"end":{"line":193,"column":null}},"type":"cond-expr","locations":[{"start":{"line":193,"column":31},"end":{"line":193,"column":35}},{"start":{"line":193,"column":35},"end":{"line":193,"column":null}}],"line":193},"29":{"loc":{"start":{"line":196,"column":2},"end":{"line":198,"column":null}},"type":"if","locations":[{"start":{"line":196,"column":2},"end":{"line":198,"column":null}},{"start":{},"end":{}}],"line":196},"30":{"loc":{"start":{"line":196,"column":6},"end":{"line":196,"column":null}},"type":"binary-expr","locations":[{"start":{"line":196,"column":6},"end":{"line":196,"column":19}},{"start":{"line":196,"column":19},"end":{"line":196,"column":null}}],"line":196},"31":{"loc":{"start":{"line":201,"column":2},"end":{"line":203,"column":null}},"type":"if","locations":[{"start":{"line":201,"column":2},"end":{"line":203,"column":null}},{"start":{},"end":{}}],"line":201},"32":{"loc":{"start":{"line":201,"column":6},"end":{"line":201,"column":null}},"type":"binary-expr","locations":[{"start":{"line":201,"column":6},"end":{"line":201,"column":19}},{"start":{"line":201,"column":19},"end":{"line":201,"column":null}}],"line":201},"33":{"loc":{"start":{"line":206,"column":2},"end":{"line":208,"column":null}},"type":"if","locations":[{"start":{"line":206,"column":2},"end":{"line":208,"column":null}},{"start":{},"end":{}}],"line":206},"34":{"loc":{"start":{"line":206,"column":6},"end":{"line":206,"column":null}},"type":"binary-expr","locations":[{"start":{"line":206,"column":6},"end":{"line":206,"column":18}},{"start":{"line":206,"column":18},"end":{"line":206,"column":null}}],"line":206},"35":{"loc":{"start":{"line":211,"column":9},"end":{"line":211,"column":null}},"type":"cond-expr","locations":[{"start":{"line":211,"column":33},"end":{"line":211,"column":37}},{"start":{"line":211,"column":37},"end":{"line":211,"column":null}}],"line":211},"36":{"loc":{"start":{"line":217,"column":87},"end":{"line":217,"column":204}},"type":"default-arg","locations":[{"start":{"line":217,"column":100},"end":{"line":217,"column":204}}],"line":217},"37":{"loc":{"start":{"line":222,"column":121},"end":{"line":222,"column":135}},"type":"binary-expr","locations":[{"start":{"line":222,"column":121},"end":{"line":222,"column":133}},{"start":{"line":222,"column":133},"end":{"line":222,"column":135}}],"line":222},"38":{"loc":{"start":{"line":226,"column":51},"end":{"line":226,"column":65}},"type":"binary-expr","locations":[{"start":{"line":226,"column":51},"end":{"line":226,"column":63}},{"start":{"line":226,"column":63},"end":{"line":226,"column":65}}],"line":226},"39":{"loc":{"start":{"line":228,"column":4},"end":{"line":228,"column":null}},"type":"if","locations":[{"start":{"line":228,"column":4},"end":{"line":228,"column":null}},{"start":{},"end":{}}],"line":228},"40":{"loc":{"start":{"line":228,"column":8},"end":{"line":228,"column":49}},"type":"binary-expr","locations":[{"start":{"line":228,"column":8},"end":{"line":228,"column":28}},{"start":{"line":228,"column":28},"end":{"line":228,"column":49}}],"line":228},"41":{"loc":{"start":{"line":233,"column":2},"end":{"line":240,"column":null}},"type":"if","locations":[{"start":{"line":233,"column":2},"end":{"line":240,"column":null}},{"start":{},"end":{}}],"line":233},"42":{"loc":{"start":{"line":243,"column":17},"end":{"line":243,"column":null}},"type":"binary-expr","locations":[{"start":{"line":243,"column":17},"end":{"line":243,"column":72}},{"start":{"line":243,"column":72},"end":{"line":243,"column":null}}],"line":243},"43":{"loc":{"start":{"line":244,"column":17},"end":{"line":244,"column":null}},"type":"binary-expr","locations":[{"start":{"line":244,"column":17},"end":{"line":244,"column":72}},{"start":{"line":244,"column":72},"end":{"line":244,"column":null}}],"line":244},"44":{"loc":{"start":{"line":245,"column":18},"end":{"line":245,"column":null}},"type":"binary-expr","locations":[{"start":{"line":245,"column":18},"end":{"line":245,"column":73}},{"start":{"line":245,"column":73},"end":{"line":245,"column":null}}],"line":245}},"s":{"0":4,"1":22,"2":366,"3":366,"4":5,"5":361,"6":361,"7":29,"8":29,"9":29,"10":175,"11":33,"12":142,"13":175,"14":90,"15":25,"16":25,"17":0,"18":25,"19":115,"20":25,"21":7,"22":4,"23":3,"24":24,"25":24,"26":0,"27":24,"28":109,"29":24,"30":39,"31":15,"32":24,"33":23,"34":23,"35":0,"36":23,"37":103,"38":23,"39":27,"40":12,"41":15,"42":133,"43":104,"44":11,"45":93,"46":29,"47":29,"48":29,"49":486,"50":139,"51":347,"52":347,"53":139,"54":139,"55":59,"56":55,"57":4,"58":1,"59":3,"60":1,"61":2,"62":24,"63":24,"64":82,"65":19,"66":24,"67":82,"68":82,"69":2,"70":80,"71":24,"72":5,"73":19,"74":24,"75":24,"76":24},"f":{"0":22,"1":366,"2":29,"3":175,"4":90,"5":25,"6":115,"7":7,"8":24,"9":109,"10":39,"11":23,"12":103,"13":27,"14":133,"15":486,"16":24,"17":82,"18":19,"19":82},"b":{"0":[5,361],"1":[361,279],"2":[366,315],"3":[29],"4":[33,142],"5":[175,148],"6":[115,27],"7":[64,26],"8":[64,26],"9":[25],"10":[0,25],"11":[115,82,27],"12":[4,3],"13":[24],"14":[0,24],"15":[109,77,61],"16":[15,24],"17":[23],"18":[0,23],"19":[103,38],"20":[12,15],"21":[104,29],"22":[11,93],"23":[139,347],"24":[102,37],"25":[208,139],"26":[161,47],"27":[80,59],"28":[50,30],"29":[55,4],"30":[59,56],"31":[1,3],"32":[4,1],"33":[1,2],"34":[3,3],"35":[1,1],"36":[24],"37":[19,0],"38":[82,0],"39":[2,80],"40":[82,63],"41":[5,19],"42":[19,0],"43":[24,0],"44":[24,0]},"meta":{"lastBranch":45,"lastFunction":20,"lastStatement":77,"seen":{"s:2:21:2:Infinity":0,"f:19:16:19:25":0,"s:21:2:21:Infinity":1,"f:27:16:27:28":1,"s:29:16:29:Infinity":2,"b:32:2:34:Infinity:undefined:undefined:undefined:undefined":0,"s:32:2:34:Infinity":3,"s:34:4:34:Infinity":4,"s:37:50:37:Infinity":5,"s:40:2:47:Infinity":6,"b:42:12:42:22:42:22:42:Infinity":1,"b:46:12:46:22:46:22:46:Infinity":2,"f:53:16:53:29":2,"b:53:91:53:113":3,"s:55:20:55:Infinity":7,"s:58:23:58:Infinity":8,"s:61:2:74:Infinity":9,"f:62:12:62:13":3,"b:64:6:66:Infinity:undefined:undefined:undefined:undefined":4,"s:64:6:66:Infinity":10,"b:64:10:64:24:64:24:64:Infinity":5,"s:66:8:66:Infinity":11,"s:69:19:69:Infinity":12,"b:69:32:69:62:69:62:69:Infinity":6,"s:72:6:72:Infinity":13,"f:74:10:74:11":4,"s:74:20:74:129":14,"b:74:63:74:74:74:74:74:79":7,"b:74:111:74:122:74:122:74:127":8,"f:80:16:80:31":5,"b:80:104:80:126":9,"s:81:18:81:Infinity":15,"b:84:2:86:Infinity:undefined:undefined:undefined:undefined":10,"s:84:2:86:Infinity":16,"s:86:4:86:Infinity":17,"s:89:19:89:Infinity":18,"f:89:36:89:37":6,"s:89:43:89:140":19,"b:89:43:89:72:89:72:89:101:89:101:89:140":11,"s:92:2:100:Infinity":20,"f:92:23:92:24":7,"b:94:4:96:Infinity:undefined:undefined:undefined:undefined":12,"s:94:4:96:Infinity":21,"s:96:6:96:Infinity":22,"s:99:4:99:Infinity":23,"f:106:16:106:31":8,"b:106:104:106:127":13,"s:107:18:107:Infinity":24,"b:110:2:112:Infinity:undefined:undefined:undefined:undefined":14,"s:110:2:112:Infinity":25,"s:112:4:112:Infinity":26,"s:115:19:115:Infinity":27,"f:115:36:115:37":9,"s:115:43:115:138":28,"b:115:43:115:72:115:72:115:99:115:99:115:138":15,"s:118:2:126:Infinity":29,"f:118:23:118:24":10,"b:120:4:122:Infinity:undefined:undefined:undefined:undefined":16,"s:120:4:122:Infinity":30,"s:122:6:122:Infinity":31,"s:125:4:125:Infinity":32,"f:132:16:132:31":11,"b:132:104:132:127":17,"s:133:18:133:Infinity":33,"b:136:2:138:Infinity:undefined:undefined:undefined:undefined":18,"s:136:2:138:Infinity":34,"s:138:4:138:Infinity":35,"s:141:19:141:Infinity":36,"f:141:36:141:37":12,"s:141:43:141:109":37,"b:141:43:141:70:141:70:141:109":19,"s:144:2:152:Infinity":38,"f:144:23:144:24":13,"b:146:4:148:Infinity:undefined:undefined:undefined:undefined":20,"s:146:4:148:Infinity":39,"s:148:6:148:Infinity":40,"s:151:4:151:Infinity":41,"f:158:16:158:28":14,"b:160:2:173:Infinity:166:9:173:Infinity":21,"s:160:2:173:Infinity":42,"b:162:4:162:Infinity:undefined:undefined:undefined:undefined":22,"s:162:4:162:Infinity":43,"s:162:34:162:Infinity":44,"s:165:4:165:Infinity":45,"s:168:15:168:Infinity":46,"s:169:15:169:Infinity":47,"s:172:4:172:Infinity":48,"f:179:16:179:30":15,"b:181:2:183:Infinity:undefined:undefined:undefined:undefined":23,"s:181:2:183:Infinity":49,"s:183:4:183:Infinity":50,"b:183:31:183:35:183:35:183:Infinity":24,"b:186:2:188:Infinity:undefined:undefined:undefined:undefined":25,"s:186:2:188:Infinity":51,"s:188:4:188:Infinity":52,"b:188:31:188:35:188:35:188:Infinity":26,"b:191:2:193:Infinity:undefined:undefined:undefined:undefined":27,"s:191:2:193:Infinity":53,"s:193:4:193:Infinity":54,"b:193:31:193:35:193:35:193:Infinity":28,"b:196:2:198:Infinity:undefined:undefined:undefined:undefined":29,"s:196:2:198:Infinity":55,"b:196:6:196:19:196:19:196:Infinity":30,"s:198:4:198:Infinity":56,"b:201:2:203:Infinity:undefined:undefined:undefined:undefined":31,"s:201:2:203:Infinity":57,"b:201:6:201:19:201:19:201:Infinity":32,"s:203:4:203:Infinity":58,"b:206:2:208:Infinity:undefined:undefined:undefined:undefined":33,"s:206:2:208:Infinity":59,"b:206:6:206:18:206:18:206:Infinity":34,"s:208:4:208:Infinity":60,"s:211:2:211:Infinity":61,"b:211:33:211:37:211:37:211:Infinity":35,"f:217:16:217:38":16,"b:217:100:217:204":36,"s:219:22:219:Infinity":62,"s:222:21:222:Infinity":63,"f:222:50:222:51":17,"s:222:57:222:73":64,"f:222:79:222:80":18,"s:222:86:222:137":65,"b:222:121:222:133:222:133:222:135":37,"s:225:2:230:Infinity":66,"f:225:39:225:40":19,"s:226:16:226:Infinity":67,"b:226:51:226:63:226:63:226:65":38,"b:228:4:228:Infinity:undefined:undefined:undefined:undefined":39,"s:228:4:228:Infinity":68,"b:228:8:228:28:228:28:228:49":40,"s:228:49:228:Infinity":69,"s:229:4:229:Infinity":70,"b:233:2:240:Infinity:undefined:undefined:undefined:undefined":41,"s:233:2:240:Infinity":71,"s:234:4:239:Infinity":72,"s:243:17:243:Infinity":73,"b:243:17:243:72:243:72:243:Infinity":42,"s:244:17:244:Infinity":74,"b:244:17:244:72:244:72:244:Infinity":43,"s:245:18:245:Infinity":75,"b:245:18:245:73:245:73:245:Infinity":44,"s:247:2:252:Infinity":76}}}
}
